<?xml version="1.0" encoding="UTF-8"?>
<testsuite xmlns:xsi="http://www.w3.org/2001/XMLSchema-instance" xsi:noNamespaceSchemaLocation="https://maven.apache.org/surefire/maven-surefire-plugin/xsd/surefire-test-report-3.0.xsd" version="3.0" name="com.iluwatar.metamapping.AppTest" time="1.467" tests="1" errors="0" skipped="0" failures="0">
  <properties>
[...]
</properties>
  <testcase name="shouldExecuteMetaMappingWithoutException" classname="com.iluwatar.metamapping.AppTest" time="1.459">
    <system-out><![CDATA[13:03:42.719 [main] INFO  org.hibernate.Version - HHH000412: Hibernate ORM core version 5.6.12.Final
13:03:43.001 [main] INFO  o.h.annotations.common.Version - HCANN000001: Hibernate Commons Annotations {5.1.2.Final}
13:03:43.248 [main] WARN  o.hibernate.orm.connections.pooling - HHH10001002: Using Hibernate built-in connection pool (not for production use!)
13:03:43.250 [main] INFO  o.hibernate.orm.connections.pooling - HHH10001005: using driver [org.h2.Driver] at URL [jdbc:h2:mem:metamapping]
13:03:43.250 [main] INFO  o.hibernate.orm.connections.pooling - HHH10001001: Connection properties: {}
13:03:43.250 [main] INFO  o.hibernate.orm.connections.pooling - HHH10001003: Autocommit mode: false
13:03:43.252 [main] INFO  o.h.e.j.c.i.DriverManagerConnectionProviderImpl - HHH000115: Hibernate connection pool size: 1 (min=1)
13:03:43.392 [main] INFO  org.hibernate.dialect.Dialect - HHH000400: Using dialect: org.hibernate.dialect.H2Dialect
13:03:43.799 [main] INFO  org.hibernate.orm.connections.access - HHH10001501: Connection obtained from JdbcConnectionAccess [org.hibernate.engine.jdbc.env.internal.JdbcEnvironmentInitiator$ConnectionProviderJdbcConnectionAccess@626a7259] for (non-JTA) DDL execution was not in auto-commit mode; the Connection 'local transaction' will be committed and the Connection will be set into auto-commit mode.
13:03:43.807 [main] INFO  org.hibernate.orm.connections.access - HHH10001501: Connection obtained from JdbcConnectionAccess [org.hibernate.engine.jdbc.env.internal.JdbcEnvironmentInitiator$ConnectionProviderJdbcConnectionAccess@36572fad] for (non-JTA) DDL execution was not in auto-commit mode; the Connection 'local transaction' will be committed and the Connection will be set into auto-commit mode.
13:03:43.816 [main] INFO  o.h.e.t.j.p.i.JtaPlatformInitiator - HHH000490: Using JtaPlatform implementation: [org.hibernate.engine.transaction.jta.platform.internal.NoJtaPlatform]
13:03:43.822 [main] INFO  c.i.metamapping.service.UserService - create user: ZhangSan
13:03:43.913 [main] INFO  c.i.metamapping.service.UserService - create user ZhangSan at 1
13:03:43.918 [main] INFO  com.iluwatar.metamapping.App - Add userUser(id=1, username=ZhangSan, password=zhs123)at1.
13:03:43.918 [main] INFO  c.i.metamapping.service.UserService - create user: LiSi
13:03:43.919 [main] INFO  c.i.metamapping.service.UserService - create user LiSi at 2
13:03:43.919 [main] INFO  com.iluwatar.metamapping.App - Add userUser(id=2, username=LiSi, password=ls123)at2.
13:03:43.919 [main] INFO  c.i.metamapping.service.UserService - create user: WangWu
13:03:43.920 [main] INFO  c.i.metamapping.service.UserService - create user WangWu at 3
13:03:43.920 [main] INFO  com.iluwatar.metamapping.App - Add userUser(id=3, username=WangWu, password=ww123)at3.
13:03:43.920 [main] INFO  c.i.metamapping.service.UserService - list all users.
13:03:44.004 [main] INFO  com.iluwatar.metamapping.App - [User(id=1, username=ZhangSan, password=zhs123), User(id=2, username=LiSi, password=ls123), User(id=3, username=WangWu, password=ww123)]
13:03:44.004 [main] INFO  c.i.metamapping.service.UserService - get user at: 1
13:03:44.009 [main] INFO  com.iluwatar.metamapping.App - User(id=1, username=ZhangSan, password=zhs123)
13:03:44.009 [main] INFO  c.i.metamapping.service.UserService - update user at 1
13:03:44.015 [main] INFO  c.i.metamapping.service.UserService - delete user at: 2
13:03:44.017 [main] INFO  o.h.t.s.i.SchemaDropperImpl$DelayedDropActionImpl - HHH000477: Starting delayed evictData of schema as part of SessionFactory shut-down'
13:03:44.017 [main] INFO  org.hibernate.orm.connections.access - HHH10001501: Connection obtained from JdbcConnectionAccess [org.hibernate.engine.jdbc.env.internal.JdbcEnvironmentInitiator$ConnectionProviderJdbcConnectionAccess@54392ee5] for (non-JTA) DDL execution was not in auto-commit mode; the Connection 'local transaction' will be committed and the Connection will be set into auto-commit mode.
13:03:44.018 [main] INFO  o.hibernate.orm.connections.pooling - HHH10001008: Cleaning up connection pool [jdbc:h2:mem:metamapping]
]]></system-out>
  </testcase>
</testsuite>