<?xml version="1.0" encoding="UTF-8"?>
<testsuite xmlns:xsi="http://www.w3.org/2001/XMLSchema-instance" xsi:noNamespaceSchemaLocation="https://maven.apache.org/surefire/maven-surefire-plugin/xsd/surefire-test-report-3.0.xsd" version="3.0" name="com.iluwatar.reactor.app.ReactorTest" time="12.116" tests="2" errors="0" skipped="0" failures="0">
  <properties>
[...]
</properties>
  <testcase name="testAppUsingThreadPoolDispatcher" classname="com.iluwatar.reactor.app.ReactorTest" time="6.049">
    <system-out><![CDATA[12:59:26.756 [main] INFO com.iluwatar.reactor.app.ReactorTest - testAppUsingThreadPoolDispatcher start
12:59:26.767 [main] INFO com.iluwatar.reactor.framework.NioServerSocketChannel - Bound TCP socket at port: 16666
12:59:26.768 [main] INFO com.iluwatar.reactor.framework.NioServerSocketChannel - Bound TCP socket at port: 16667
12:59:26.769 [main] INFO com.iluwatar.reactor.framework.NioDatagramChannel - Bound UDP socket at port: 16668
12:59:26.769 [main] INFO com.iluwatar.reactor.framework.NioDatagramChannel - Bound UDP socket at port: 16669
12:59:26.770 [pool-3-thread-1] INFO com.iluwatar.reactor.framework.NioReactor - Reactor started, waiting for events...
12:59:26.773 [main] INFO com.iluwatar.reactor.app.AppClient - Starting logging clients
12:59:26.784 [pool-2-thread-1] INFO com.iluwatar.reactor.app.LoggingHandler - Client 2 - Log request: 0

12:59:26.784 [pool-2-thread-2] INFO com.iluwatar.reactor.app.LoggingHandler - Client 4 - Log request: 0
12:59:26.784 [pool-2-thread-1] INFO com.iluwatar.reactor.app.LoggingHandler - Client 3 - Log request: 0
12:59:26.784 [pool-2-thread-2] INFO com.iluwatar.reactor.app.LoggingHandler - Client 1 - Log request: 0

12:59:26.785 [pool-4-thread-2] INFO com.iluwatar.reactor.app.AppClient - Data logged successfully
12:59:26.785 [pool-4-thread-4] INFO com.iluwatar.reactor.app.AppClient - Data logged successfully
12:59:26.785 [pool-4-thread-3] INFO com.iluwatar.reactor.app.AppClient - Data logged successfully
12:59:26.785 [pool-4-thread-1] INFO com.iluwatar.reactor.app.AppClient - Data logged successfully
12:59:26.890 [pool-2-thread-2] INFO com.iluwatar.reactor.app.LoggingHandler - Client 1 - Log request: 1

12:59:26.890 [pool-2-thread-1] INFO com.iluwatar.reactor.app.LoggingHandler - Client 2 - Log request: 1

12:59:26.890 [pool-2-thread-2] INFO com.iluwatar.reactor.app.LoggingHandler - Client 4 - Log request: 1
12:59:26.890 [pool-2-thread-1] INFO com.iluwatar.reactor.app.LoggingHandler - Client 3 - Log request: 1
12:59:26.890 [pool-4-thread-1] INFO com.iluwatar.reactor.app.AppClient - Data logged successfully
12:59:26.890 [pool-4-thread-2] INFO com.iluwatar.reactor.app.AppClient - Data logged successfully
12:59:26.890 [pool-4-thread-3] INFO com.iluwatar.reactor.app.AppClient - Data logged successfully
12:59:26.890 [pool-4-thread-4] INFO com.iluwatar.reactor.app.AppClient - Data logged successfully
12:59:26.995 [pool-2-thread-2] INFO com.iluwatar.reactor.app.LoggingHandler - Client 2 - Log request: 2

12:59:26.995 [pool-2-thread-1] INFO com.iluwatar.reactor.app.LoggingHandler - Client 4 - Log request: 2
12:59:26.996 [pool-2-thread-2] INFO com.iluwatar.reactor.app.LoggingHandler - Client 3 - Log request: 2
12:59:26.996 [pool-2-thread-1] INFO com.iluwatar.reactor.app.LoggingHandler - Client 1 - Log request: 2

12:59:26.996 [pool-4-thread-2] INFO com.iluwatar.reactor.app.AppClient - Data logged successfully
12:59:26.996 [pool-4-thread-3] INFO com.iluwatar.reactor.app.AppClient - Data logged successfully
12:59:26.996 [pool-4-thread-4] INFO com.iluwatar.reactor.app.AppClient - Data logged successfully
12:59:26.996 [pool-4-thread-1] INFO com.iluwatar.reactor.app.AppClient - Data logged successfully
12:59:27.101 [pool-2-thread-2] INFO com.iluwatar.reactor.app.LoggingHandler - Client 2 - Log request: 3

12:59:27.101 [pool-2-thread-1] INFO com.iluwatar.reactor.app.LoggingHandler - Client 4 - Log request: 3
12:59:27.102 [pool-2-thread-2] INFO com.iluwatar.reactor.app.LoggingHandler - Client 3 - Log request: 3
12:59:27.102 [pool-2-thread-1] INFO com.iluwatar.reactor.app.LoggingHandler - Client 1 - Log request: 3

12:59:27.102 [pool-4-thread-2] INFO com.iluwatar.reactor.app.AppClient - Data logged successfully
12:59:27.102 [pool-4-thread-3] INFO com.iluwatar.reactor.app.AppClient - Data logged successfully
12:59:27.102 [pool-4-thread-4] INFO com.iluwatar.reactor.app.AppClient - Data logged successfully
12:59:27.102 [pool-4-thread-1] INFO com.iluwatar.reactor.app.AppClient - Data logged successfully
12:59:28.779 [main] INFO com.iluwatar.reactor.app.AppClient - Logging clients stopped
12:59:32.783 [main] INFO com.iluwatar.reactor.framework.NioReactor - Reactor stopped
12:59:32.784 [main] INFO com.iluwatar.reactor.app.ReactorTest - testAppUsingThreadPoolDispatcher stop
]]></system-out>
  </testcase>
  <testcase name="testAppUsingSameThreadDispatcher" classname="com.iluwatar.reactor.app.ReactorTest" time="6.018">
    <system-out><![CDATA[12:59:32.800 [main] INFO com.iluwatar.reactor.app.ReactorTest - testAppUsingSameThreadDispatcher start
12:59:32.803 [main] INFO com.iluwatar.reactor.framework.NioServerSocketChannel - Bound TCP socket at port: 16666
12:59:32.803 [main] INFO com.iluwatar.reactor.framework.NioServerSocketChannel - Bound TCP socket at port: 16667
12:59:32.803 [main] INFO com.iluwatar.reactor.framework.NioDatagramChannel - Bound UDP socket at port: 16668
12:59:32.803 [main] INFO com.iluwatar.reactor.framework.NioDatagramChannel - Bound UDP socket at port: 16669
12:59:32.803 [main] INFO com.iluwatar.reactor.app.AppClient - Starting logging clients
12:59:32.803 [pool-5-thread-1] INFO com.iluwatar.reactor.framework.NioReactor - Reactor started, waiting for events...
12:59:32.804 [pool-5-thread-1] INFO com.iluwatar.reactor.app.LoggingHandler - Client 3 - Log request: 0
12:59:32.805 [pool-5-thread-1] INFO com.iluwatar.reactor.app.LoggingHandler - Client 1 - Log request: 0

12:59:32.805 [pool-5-thread-1] INFO com.iluwatar.reactor.app.LoggingHandler - Client 4 - Log request: 0
12:59:32.805 [pool-6-thread-3] INFO com.iluwatar.reactor.app.AppClient - Data logged successfully
12:59:32.805 [pool-6-thread-1] INFO com.iluwatar.reactor.app.AppClient - Data logged successfully
12:59:32.805 [pool-5-thread-1] INFO com.iluwatar.reactor.app.LoggingHandler - Client 2 - Log request: 0

12:59:32.805 [pool-6-thread-4] INFO com.iluwatar.reactor.app.AppClient - Data logged successfully
12:59:32.805 [pool-6-thread-2] INFO com.iluwatar.reactor.app.AppClient - Data logged successfully
12:59:32.910 [pool-5-thread-1] INFO com.iluwatar.reactor.app.LoggingHandler - Client 3 - Log request: 1
12:59:32.910 [pool-5-thread-1] INFO com.iluwatar.reactor.app.LoggingHandler - Client 1 - Log request: 1

12:59:32.911 [pool-6-thread-3] INFO com.iluwatar.reactor.app.AppClient - Data logged successfully
12:59:32.911 [pool-5-thread-1] INFO com.iluwatar.reactor.app.LoggingHandler - Client 2 - Log request: 1

12:59:32.911 [pool-5-thread-1] INFO com.iluwatar.reactor.app.LoggingHandler - Client 4 - Log request: 1
12:59:32.911 [pool-6-thread-1] INFO com.iluwatar.reactor.app.AppClient - Data logged successfully
12:59:32.911 [pool-6-thread-2] INFO com.iluwatar.reactor.app.AppClient - Data logged successfully
12:59:32.911 [pool-6-thread-4] INFO com.iluwatar.reactor.app.AppClient - Data logged successfully
12:59:33.016 [pool-5-thread-1] INFO com.iluwatar.reactor.app.LoggingHandler - Client 2 - Log request: 2

12:59:33.016 [pool-5-thread-1] INFO com.iluwatar.reactor.app.LoggingHandler - Client 4 - Log request: 2
12:59:33.016 [pool-5-thread-1] INFO com.iluwatar.reactor.app.LoggingHandler - Client 3 - Log request: 2
12:59:33.016 [pool-5-thread-1] INFO com.iluwatar.reactor.app.LoggingHandler - Client 1 - Log request: 2

12:59:33.017 [pool-6-thread-2] INFO com.iluwatar.reactor.app.AppClient - Data logged successfully
12:59:33.017 [pool-6-thread-4] INFO com.iluwatar.reactor.app.AppClient - Data logged successfully
12:59:33.017 [pool-6-thread-1] INFO com.iluwatar.reactor.app.AppClient - Data logged successfully
12:59:33.017 [pool-6-thread-3] INFO com.iluwatar.reactor.app.AppClient - Data logged successfully
12:59:33.117 [pool-5-thread-1] INFO com.iluwatar.reactor.app.LoggingHandler - Client 1 - Log request: 3

12:59:33.118 [pool-5-thread-1] INFO com.iluwatar.reactor.app.LoggingHandler - Client 3 - Log request: 3
12:59:33.118 [pool-6-thread-1] INFO com.iluwatar.reactor.app.AppClient - Data logged successfully
12:59:33.118 [pool-6-thread-3] INFO com.iluwatar.reactor.app.AppClient - Data logged successfully
12:59:33.122 [pool-5-thread-1] INFO com.iluwatar.reactor.app.LoggingHandler - Client 2 - Log request: 3

12:59:33.122 [pool-6-thread-2] INFO com.iluwatar.reactor.app.AppClient - Data logged successfully
12:59:33.122 [pool-5-thread-1] INFO com.iluwatar.reactor.app.LoggingHandler - Client 4 - Log request: 3
12:59:33.122 [pool-6-thread-4] INFO com.iluwatar.reactor.app.AppClient - Data logged successfully
12:59:34.810 [main] INFO com.iluwatar.reactor.app.AppClient - Logging clients stopped
12:59:38.816 [main] INFO com.iluwatar.reactor.framework.NioReactor - Reactor stopped
12:59:38.816 [main] INFO com.iluwatar.reactor.app.ReactorTest - testAppUsingSameThreadDispatcher stop
]]></system-out>
    <system-err><![CDATA[Exception in thread "pool-5-thread-1" java.nio.channels.ClosedSelectorException
	at java.base/sun.nio.ch.SelectorImpl.ensureOpen(SelectorImpl.java:75)
	at java.base/sun.nio.ch.SelectorImpl.selectedKeys(SelectorImpl.java:86)
	at com.iluwatar.reactor.framework.NioReactor.eventLoop(NioReactor.java:141)
	at com.iluwatar.reactor.framework.NioReactor.lambda$start$0(NioReactor.java:86)
	at java.base/java.util.concurrent.ThreadPoolExecutor.runWorker(ThreadPoolExecutor.java:1128)
	at java.base/java.util.concurrent.ThreadPoolExecutor$Worker.run(ThreadPoolExecutor.java:628)
	at java.base/java.lang.Thread.run(Thread.java:829)
]]></system-err>
  </testcase>
</testsuite>