<?xml version="1.0" encoding="UTF-8"?>
<testsuite xmlns:xsi="http://www.w3.org/2001/XMLSchema-instance" xsi:noNamespaceSchemaLocation="https://maven.apache.org/surefire/maven-surefire-plugin/xsd/surefire-test-report-3.0.xsd" version="3.0" name="com.iluwatar.gameloop.AppTest" time="6.088" tests="1" errors="0" skipped="0" failures="0">
  <properties>
[...]
</properties>
  <testcase name="shouldExecuteApplicationWithoutException" classname="com.iluwatar.gameloop.AppTest" time="6.078">
    <system-out><![CDATA[13:02:28.526 [main] INFO com.iluwatar.gameloop.App - Start frame-based game loop:
13:02:28.754 [Thread-2] INFO com.iluwatar.gameloop.FrameBasedGameLoop - Current bullet position: 0.5
13:02:28.902 [Thread-2] INFO com.iluwatar.gameloop.FrameBasedGameLoop - Current bullet position: 1.0
13:02:29.052 [Thread-2] INFO com.iluwatar.gameloop.FrameBasedGameLoop - Current bullet position: 1.5
13:02:29.171 [Thread-2] INFO com.iluwatar.gameloop.FrameBasedGameLoop - Current bullet position: 2.0
13:02:29.401 [Thread-2] INFO com.iluwatar.gameloop.FrameBasedGameLoop - Current bullet position: 2.5
13:02:29.530 [Thread-2] INFO com.iluwatar.gameloop.FrameBasedGameLoop - Current bullet position: 3.0
13:02:29.692 [Thread-2] INFO com.iluwatar.gameloop.FrameBasedGameLoop - Current bullet position: 3.5
13:02:29.851 [Thread-2] INFO com.iluwatar.gameloop.FrameBasedGameLoop - Current bullet position: 4.0
13:02:29.966 [Thread-2] INFO com.iluwatar.gameloop.FrameBasedGameLoop - Current bullet position: 4.5
13:02:30.186 [Thread-2] INFO com.iluwatar.gameloop.FrameBasedGameLoop - Current bullet position: 5.0
13:02:30.322 [Thread-2] INFO com.iluwatar.gameloop.FrameBasedGameLoop - Current bullet position: 5.5
13:02:30.413 [Thread-2] INFO com.iluwatar.gameloop.FrameBasedGameLoop - Current bullet position: 6.0
13:02:30.533 [main] INFO com.iluwatar.gameloop.App - Stop frame-based game loop.
13:02:30.534 [main] INFO com.iluwatar.gameloop.App - Start variable-step game loop:
13:02:30.576 [Thread-2] INFO com.iluwatar.gameloop.FrameBasedGameLoop - Current bullet position: 6.5
13:02:30.646 [Thread-3] INFO com.iluwatar.gameloop.VariableStepGameLoop - Current bullet position: 0.055
13:02:30.893 [Thread-3] INFO com.iluwatar.gameloop.VariableStepGameLoop - Current bullet position: 0.1785
13:02:30.967 [Thread-3] INFO com.iluwatar.gameloop.VariableStepGameLoop - Current bullet position: 0.2155
13:02:31.091 [Thread-3] INFO com.iluwatar.gameloop.VariableStepGameLoop - Current bullet position: 0.2775
13:02:31.155 [Thread-3] INFO com.iluwatar.gameloop.VariableStepGameLoop - Current bullet position: 0.3095
13:02:31.382 [Thread-3] INFO com.iluwatar.gameloop.VariableStepGameLoop - Current bullet position: 0.423
13:02:31.477 [Thread-3] INFO com.iluwatar.gameloop.VariableStepGameLoop - Current bullet position: 0.4705
13:02:31.584 [Thread-3] INFO com.iluwatar.gameloop.VariableStepGameLoop - Current bullet position: 0.524
13:02:31.669 [Thread-3] INFO com.iluwatar.gameloop.VariableStepGameLoop - Current bullet position: 0.5665
13:02:31.898 [Thread-3] INFO com.iluwatar.gameloop.VariableStepGameLoop - Current bullet position: 0.681
13:02:32.113 [Thread-3] INFO com.iluwatar.gameloop.VariableStepGameLoop - Current bullet position: 0.7885
13:02:32.175 [Thread-3] INFO com.iluwatar.gameloop.VariableStepGameLoop - Current bullet position: 0.8195
13:02:32.258 [Thread-3] INFO com.iluwatar.gameloop.VariableStepGameLoop - Current bullet position: 0.861
13:02:32.335 [Thread-3] INFO com.iluwatar.gameloop.VariableStepGameLoop - Current bullet position: 0.8995
13:02:32.538 [main] INFO com.iluwatar.gameloop.App - Stop variable-step game loop.
13:02:32.538 [main] INFO com.iluwatar.gameloop.App - Start fixed-step game loop:
13:02:32.546 [Thread-3] INFO com.iluwatar.gameloop.VariableStepGameLoop - Current bullet position: 1.005
13:02:32.599 [Thread-4] INFO com.iluwatar.gameloop.FixedStepGameLoop - Current bullet position: 0.0
13:02:32.814 [Thread-4] INFO com.iluwatar.gameloop.FixedStepGameLoop - Current bullet position: 0.02
13:02:32.987 [Thread-4] INFO com.iluwatar.gameloop.FixedStepGameLoop - Current bullet position: 0.12999998
13:02:33.102 [Thread-4] INFO com.iluwatar.gameloop.FixedStepGameLoop - Current bullet position: 0.22000003
13:02:33.186 [Thread-4] INFO com.iluwatar.gameloop.FixedStepGameLoop - Current bullet position: 0.28
13:02:33.248 [Thread-4] INFO com.iluwatar.gameloop.FixedStepGameLoop - Current bullet position: 0.31999996
13:02:33.487 [Thread-4] INFO com.iluwatar.gameloop.FixedStepGameLoop - Current bullet position: 0.34999993
13:02:33.709 [Thread-4] INFO com.iluwatar.gameloop.FixedStepGameLoop - Current bullet position: 0.46999982
13:02:33.904 [Thread-4] INFO com.iluwatar.gameloop.FixedStepGameLoop - Current bullet position: 0.57999974
13:02:34.092 [Thread-4] INFO com.iluwatar.gameloop.FixedStepGameLoop - Current bullet position: 0.67999965
13:02:34.182 [Thread-4] INFO com.iluwatar.gameloop.FixedStepGameLoop - Current bullet position: 0.76999956
13:02:34.390 [Thread-4] INFO com.iluwatar.gameloop.FixedStepGameLoop - Current bullet position: 0.8199995
13:02:34.545 [main] INFO com.iluwatar.gameloop.App - Stop variable-step game loop.
13:02:34.550 [Thread-4] INFO com.iluwatar.gameloop.FixedStepGameLoop - Current bullet position: 0.9199994
]]></system-out>
  </testcase>
</testsuite>