<?xml version="1.0" encoding="UTF-8"?>
<testsuite xmlns:xsi="http://www.w3.org/2001/XMLSchema-instance" xsi:noNamespaceSchemaLocation="https://maven.apache.org/surefire/maven-surefire-plugin/xsd/surefire-test-report-3.0.xsd" version="3.0" name="com.iluwatar.multiton.AppTest" time="0.062" tests="1" errors="0" skipped="0" failures="0">
  <properties>
[...]
</properties>
  <testcase name="shouldExecuteApplicationWithoutException" classname="com.iluwatar.multiton.AppTest" time="0.054">
    <system-out><![CDATA[12:58:35.882 [main] INFO com.iluwatar.multiton.App - Printing out eagerly initialized multiton contents
12:58:35.884 [main] INFO com.iluwatar.multiton.App - KHAMUL=com.iluwatar.multiton.Nazgul@4ed4a7e4
12:58:35.885 [main] INFO com.iluwatar.multiton.App - MURAZOR=com.iluwatar.multiton.Nazgul@50448409
12:58:35.885 [main] INFO com.iluwatar.multiton.App - DWAR=com.iluwatar.multiton.Nazgul@5634a861
12:58:35.885 [main] INFO com.iluwatar.multiton.App - JI_INDUR=com.iluwatar.multiton.Nazgul@2b0dc227
12:58:35.885 [main] INFO com.iluwatar.multiton.App - AKHORAHIL=com.iluwatar.multiton.Nazgul@37ad042b
12:58:35.885 [main] INFO com.iluwatar.multiton.App - HOARMURATH=com.iluwatar.multiton.Nazgul@43bdaa1b
12:58:35.885 [main] INFO com.iluwatar.multiton.App - ADUNAPHEL=com.iluwatar.multiton.Nazgul@30b975ad
12:58:35.885 [main] INFO com.iluwatar.multiton.App - REN=com.iluwatar.multiton.Nazgul@75e09567
12:58:35.885 [main] INFO com.iluwatar.multiton.App - UVATHA=com.iluwatar.multiton.Nazgul@2a334bac
12:58:35.885 [main] INFO com.iluwatar.multiton.App - Printing out enum-based multiton contents
12:58:35.885 [main] INFO com.iluwatar.multiton.App - KHAMUL=KHAMUL
12:58:35.885 [main] INFO com.iluwatar.multiton.App - MURAZOR=MURAZOR
12:58:35.885 [main] INFO com.iluwatar.multiton.App - DWAR=DWAR
12:58:35.885 [main] INFO com.iluwatar.multiton.App - JI_INDUR=JI_INDUR
12:58:35.885 [main] INFO com.iluwatar.multiton.App - AKHORAHIL=AKHORAHIL
12:58:35.885 [main] INFO com.iluwatar.multiton.App - HOARMURATH=HOARMURATH
12:58:35.885 [main] INFO com.iluwatar.multiton.App - ADUNAPHEL=ADUNAPHEL
12:58:35.885 [main] INFO com.iluwatar.multiton.App - REN=REN
12:58:35.885 [main] INFO com.iluwatar.multiton.App - UVATHA=UVATHA
]]></system-out>
  </testcase>
</testsuite>