<?xml version="1.0" encoding="UTF-8"?>
<testsuite xmlns:xsi="http://www.w3.org/2001/XMLSchema-instance" xsi:noNamespaceSchemaLocation="https://maven.apache.org/surefire/maven-surefire-plugin/xsd/surefire-test-report-3.0.xsd" version="3.0" name="com.iluwatar.domainmodel.AppTest" time="0.349" tests="1" errors="0" skipped="0" failures="0">
  <properties>
[...]
</properties>
  <testcase name="shouldExecuteApplicationWithoutException" classname="com.iluwatar.domainmodel.AppTest" time="0.341">
    <system-out><![CDATA[13:03:39.053 [main] INFO com.iluwatar.domainmodel.Customer - Tom balance: USD 30.00
13:03:39.055 [main] INFO com.iluwatar.domainmodel.Customer - Tom didn't bought anything
13:03:39.055 [main] INFO com.iluwatar.domainmodel.Customer - Tom want to buy Eggs($10.00)...
13:03:39.056 [main] INFO com.iluwatar.domainmodel.Customer - Tom bought Eggs!
13:03:39.056 [main] INFO com.iluwatar.domainmodel.Customer - Tom balance: USD 20.00
13:03:39.056 [main] INFO com.iluwatar.domainmodel.Customer - Tom want to buy Butter($20.00)...
13:03:39.056 [main] INFO com.iluwatar.domainmodel.Customer - Tom bought Butter!
13:03:39.057 [main] INFO com.iluwatar.domainmodel.Customer - Tom balance: USD 0.00
13:03:39.057 [main] INFO com.iluwatar.domainmodel.Customer - Tom want to buy Cheese($20.00)...
13:03:39.057 [main] ERROR com.iluwatar.domainmodel.Customer - Not enough money!
13:03:39.057 [main] INFO com.iluwatar.domainmodel.Customer - Tom balance: USD 0.00
13:03:39.057 [main] INFO com.iluwatar.domainmodel.Customer - Tom want to return Butter($20.00)...
13:03:39.058 [main] INFO com.iluwatar.domainmodel.Customer - Tom returned Butter!
13:03:39.058 [main] INFO com.iluwatar.domainmodel.Customer - Tom balance: USD 20.00
13:03:39.058 [main] INFO com.iluwatar.domainmodel.Customer - Tom want to buy Cheese($20.00)...
13:03:39.059 [main] INFO com.iluwatar.domainmodel.Customer - Tom bought Cheese!
13:03:39.060 [main] INFO com.iluwatar.domainmodel.Customer - Tom balance: USD 0.00
13:03:39.061 [main] INFO com.iluwatar.domainmodel.Customer - Tom bought: Eggs - $10.00, Cheese - $20.00
]]></system-out>
  </testcase>
</testsuite>