<?xml version="1.0" encoding="UTF-8"?>
<testsuite xmlns:xsi="http://www.w3.org/2001/XMLSchema-instance" xsi:noNamespaceSchemaLocation="https://maven.apache.org/surefire/maven-surefire-plugin/xsd/surefire-test-report-3.0.xsd" version="3.0" name="com.iluwatar.mediator.PartyMemberTest" time="0.279" tests="12" errors="0" skipped="0" failures="0">
  <properties>
[...]
</properties>
  <testcase name="testAct(Supplier)[1]" classname="com.iluwatar.mediator.PartyMemberTest" time="0.226">
    <system-out><![CDATA[15:25:13.547 [main] INFO com.iluwatar.mediator.PartyMemberBase - Hobbit joins the party
15:25:13.557 [main] INFO com.iluwatar.mediator.PartyMemberBase - Hobbit hunted a rabbit
15:25:13.571 [main] INFO com.iluwatar.mediator.PartyMemberBase - Hobbit tells a tale
15:25:13.572 [main] INFO com.iluwatar.mediator.PartyMemberBase - Hobbit found gold
15:25:13.572 [main] INFO com.iluwatar.mediator.PartyMemberBase - Hobbit spotted enemies
15:25:13.572 [main] INFO com.iluwatar.mediator.PartyMemberBase - Hobbit 
]]></system-out>
  </testcase>
  <testcase name="testAct(Supplier)[2]" classname="com.iluwatar.mediator.PartyMemberTest" time="0.004">
    <system-out><![CDATA[LOGBACK: No context given for com.iluwatar.mediator.PartyMemberTest$InMemoryAppender[null]
15:25:13.582 [main] INFO com.iluwatar.mediator.PartyMemberBase - Hunter joins the party
15:25:13.582 [main] INFO com.iluwatar.mediator.PartyMemberBase - Hunter hunted a rabbit
15:25:13.582 [main] INFO com.iluwatar.mediator.PartyMemberBase - Hunter tells a tale
15:25:13.583 [main] INFO com.iluwatar.mediator.PartyMemberBase - Hunter found gold
15:25:13.584 [main] INFO com.iluwatar.mediator.PartyMemberBase - Hunter spotted enemies
15:25:13.584 [main] INFO com.iluwatar.mediator.PartyMemberBase - Hunter 
]]></system-out>
  </testcase>
  <testcase name="testAct(Supplier)[3]" classname="com.iluwatar.mediator.PartyMemberTest" time="0.003">
    <system-out><![CDATA[LOGBACK: No context given for com.iluwatar.mediator.PartyMemberTest$InMemoryAppender[null]
15:25:13.587 [main] INFO com.iluwatar.mediator.PartyMemberBase - Rogue joins the party
15:25:13.587 [main] INFO com.iluwatar.mediator.PartyMemberBase - Rogue hunted a rabbit
15:25:13.587 [main] INFO com.iluwatar.mediator.PartyMemberBase - Rogue tells a tale
15:25:13.588 [main] INFO com.iluwatar.mediator.PartyMemberBase - Rogue found gold
15:25:13.588 [main] INFO com.iluwatar.mediator.PartyMemberBase - Rogue spotted enemies
15:25:13.588 [main] INFO com.iluwatar.mediator.PartyMemberBase - Rogue 
]]></system-out>
  </testcase>
  <testcase name="testAct(Supplier)[4]" classname="com.iluwatar.mediator.PartyMemberTest" time="0.003">
    <system-out><![CDATA[LOGBACK: No context given for com.iluwatar.mediator.PartyMemberTest$InMemoryAppender[null]
15:25:13.591 [main] INFO com.iluwatar.mediator.PartyMemberBase - Wizard joins the party
15:25:13.591 [main] INFO com.iluwatar.mediator.PartyMemberBase - Wizard hunted a rabbit
15:25:13.591 [main] INFO com.iluwatar.mediator.PartyMemberBase - Wizard tells a tale
15:25:13.592 [main] INFO com.iluwatar.mediator.PartyMemberBase - Wizard found gold
15:25:13.593 [main] INFO com.iluwatar.mediator.PartyMemberBase - Wizard spotted enemies
15:25:13.593 [main] INFO com.iluwatar.mediator.PartyMemberBase - Wizard 
]]></system-out>
  </testcase>
  <testcase name="testToString(Supplier)[1]" classname="com.iluwatar.mediator.PartyMemberTest" time="0.0"/>
  <testcase name="testToString(Supplier)[2]" classname="com.iluwatar.mediator.PartyMemberTest" time="0.0"/>
  <testcase name="testToString(Supplier)[3]" classname="com.iluwatar.mediator.PartyMemberTest" time="0.0"/>
  <testcase name="testToString(Supplier)[4]" classname="com.iluwatar.mediator.PartyMemberTest" time="0.0"/>
  <testcase name="testPartyAction(Supplier)[1]" classname="com.iluwatar.mediator.PartyMemberTest" time="0.001">
    <system-out><![CDATA[LOGBACK: No context given for com.iluwatar.mediator.PartyMemberTest$InMemoryAppender[null]
LOGBACK: No context given for com.iluwatar.mediator.PartyMemberTest$InMemoryAppender[null]
LOGBACK: No context given for com.iluwatar.mediator.PartyMemberTest$InMemoryAppender[null]
LOGBACK: No context given for com.iluwatar.mediator.PartyMemberTest$InMemoryAppender[null]
LOGBACK: No context given for com.iluwatar.mediator.PartyMemberTest$InMemoryAppender[null]
15:25:13.601 [main] INFO com.iluwatar.mediator.PartyMemberBase - Hobbit arrives for dinner
15:25:13.601 [main] INFO com.iluwatar.mediator.PartyMemberBase - Hobbit comes to listen
15:25:13.601 [main] INFO com.iluwatar.mediator.PartyMemberBase - Hobbit takes his share of the gold
15:25:13.601 [main] INFO com.iluwatar.mediator.PartyMemberBase - Hobbit runs for cover
15:25:13.601 [main] INFO com.iluwatar.mediator.PartyMemberBase - Hobbit 
]]></system-out>
  </testcase>
  <testcase name="testPartyAction(Supplier)[2]" classname="com.iluwatar.mediator.PartyMemberTest" time="0.001">
    <system-out><![CDATA[LOGBACK: No context given for com.iluwatar.mediator.PartyMemberTest$InMemoryAppender[null]
15:25:13.602 [main] INFO com.iluwatar.mediator.PartyMemberBase - Hunter arrives for dinner
15:25:13.602 [main] INFO com.iluwatar.mediator.PartyMemberBase - Hunter comes to listen
15:25:13.602 [main] INFO com.iluwatar.mediator.PartyMemberBase - Hunter takes his share of the gold
15:25:13.603 [main] INFO com.iluwatar.mediator.PartyMemberBase - Hunter runs for cover
15:25:13.603 [main] INFO com.iluwatar.mediator.PartyMemberBase - Hunter 
]]></system-out>
  </testcase>
  <testcase name="testPartyAction(Supplier)[3]" classname="com.iluwatar.mediator.PartyMemberTest" time="0.001">
    <system-out><![CDATA[LOGBACK: No context given for com.iluwatar.mediator.PartyMemberTest$InMemoryAppender[null]
15:25:13.604 [main] INFO com.iluwatar.mediator.PartyMemberBase - Rogue arrives for dinner
15:25:13.604 [main] INFO com.iluwatar.mediator.PartyMemberBase - Rogue comes to listen
15:25:13.604 [main] INFO com.iluwatar.mediator.PartyMemberBase - Rogue takes his share of the gold
15:25:13.604 [main] INFO com.iluwatar.mediator.PartyMemberBase - Rogue runs for cover
15:25:13.604 [main] INFO com.iluwatar.mediator.PartyMemberBase - Rogue 
]]></system-out>
  </testcase>
  <testcase name="testPartyAction(Supplier)[4]" classname="com.iluwatar.mediator.PartyMemberTest" time="0.001">
    <system-out><![CDATA[LOGBACK: No context given for com.iluwatar.mediator.PartyMemberTest$InMemoryAppender[null]
15:25:13.605 [main] INFO com.iluwatar.mediator.PartyMemberBase - Wizard arrives for dinner
15:25:13.605 [main] INFO com.iluwatar.mediator.PartyMemberBase - Wizard comes to listen
15:25:13.605 [main] INFO com.iluwatar.mediator.PartyMemberBase - Wizard takes his share of the gold
15:25:13.605 [main] INFO com.iluwatar.mediator.PartyMemberBase - Wizard runs for cover
15:25:13.605 [main] INFO com.iluwatar.mediator.PartyMemberBase - Wizard 
]]></system-out>
  </testcase>
</testsuite>