<?xml version="1.0" encoding="UTF-8" standalone="yes"?><!DOCTYPE report PUBLIC "-//JACOCO//DTD Report 1.1//EN" "report.dtd"><report name="typeobjectpattern"><sessioninfo id="Nyalls-MacBook-Air.local-43b2dc77" start="1713268928794" dump="1713268929241"/><package name="com/iluwatar/typeobject"><class name="com/iluwatar/typeobject/Cell" sourcefilename="Cell.java"><method name="crush" desc="(Lcom/iluwatar/typeobject/CellPool;[[Lcom/iluwatar/typeobject/Cell;)V" line="44"><counter type="INSTRUCTION" missed="0" covered="8"/><counter type="LINE" missed="0" covered="3"/><counter type="COMPLEXITY" missed="0" covered="1"/><counter type="METHOD" missed="0" covered="1"/></method><method name="fillThisSpace" desc="(Lcom/iluwatar/typeobject/CellPool;[[Lcom/iluwatar/typeobject/Cell;)V" line="49"><counter type="INSTRUCTION" missed="0" covered="57"/><counter type="BRANCH" missed="0" covered="2"/><counter type="LINE" missed="0" covered="8"/><counter type="COMPLEXITY" missed="0" covered="2"/><counter type="METHOD" missed="0" covered="1"/></method><method name="handleCrush" desc="(Lcom/iluwatar/typeobject/Cell;Lcom/iluwatar/typeobject/CellPool;[[Lcom/iluwatar/typeobject/Cell;)V" line="60"><counter type="INSTRUCTION" missed="8" covered="15"/><counter type="BRANCH" missed="1" covered="1"/><counter type="LINE" missed="2" covered="4"/><counter type="COMPLEXITY" missed="1" covered="1"/><counter type="METHOD" missed="0" covered="1"/></method><method name="interact" desc="(Lcom/iluwatar/typeobject/Cell;Lcom/iluwatar/typeobject/CellPool;[[Lcom/iluwatar/typeobject/Cell;)I" line="70"><counter type="INSTRUCTION" missed="2" covered="37"/><counter type="BRANCH" missed="2" covered="4"/><counter type="LINE" missed="1" covered="7"/><counter type="COMPLEXITY" missed="2" covered="2"/><counter type="METHOD" missed="0" covered="1"/></method><counter type="INSTRUCTION" missed="10" covered="117"/><counter type="BRANCH" missed="3" covered="7"/><counter type="LINE" missed="3" covered="22"/><counter type="COMPLEXITY" missed="3" covered="6"/><counter type="METHOD" missed="0" covered="4"/><counter type="CLASS" missed="0" covered="1"/></class><class name="com/iluwatar/typeobject/CellPool" sourcefilename="CellPool.java"><method name="&lt;init&gt;" desc="(I)V" line="47"><counter type="INSTRUCTION" missed="62" covered="45"/><counter type="BRANCH" missed="0" covered="2"/><counter type="LINE" missed="8" covered="10"/><counter type="COMPLEXITY" missed="0" covered="2"/><counter type="METHOD" missed="0" covered="1"/></method><method name="getNewCell" desc="()Lcom/iluwatar/typeobject/Cell;" line="70"><counter type="INSTRUCTION" missed="0" covered="15"/><counter type="LINE" missed="0" covered="3"/><counter type="COMPLEXITY" missed="0" covered="1"/><counter type="METHOD" missed="0" covered="1"/></method><method name="addNewCell" desc="(Lcom/iluwatar/typeobject/Cell;)V" line="76"><counter type="INSTRUCTION" missed="0" covered="22"/><counter type="LINE" missed="0" covered="4"/><counter type="COMPLEXITY" missed="0" covered="1"/><counter type="METHOD" missed="0" covered="1"/></method><method name="assignRandomCandytypes" desc="()[Lcom/iluwatar/typeobject/Candy;" line="82"><counter type="INSTRUCTION" missed="0" covered="46"/><counter type="BRANCH" missed="0" covered="6"/><counter type="LINE" missed="0" covered="11"/><counter type="COMPLEXITY" missed="0" covered="4"/><counter type="METHOD" missed="0" covered="1"/></method><method name="&lt;clinit&gt;" desc="()V" line="40"><counter type="INSTRUCTION" missed="0" covered="5"/><counter type="LINE" missed="0" covered="1"/><counter type="COMPLEXITY" missed="0" covered="1"/><counter type="METHOD" missed="0" covered="1"/></method><counter type="INSTRUCTION" missed="62" covered="133"/><counter type="BRANCH" missed="0" covered="8"/><counter type="LINE" missed="8" covered="29"/><counter type="COMPLEXITY" missed="0" covered="9"/><counter type="METHOD" missed="0" covered="5"/><counter type="CLASS" missed="0" covered="1"/></class><class name="com/iluwatar/typeobject/CandyGame" sourcefilename="CandyGame.java"><method name="&lt;init&gt;" desc="(ILcom/iluwatar/typeobject/CellPool;)V" line="44"><counter type="INSTRUCTION" missed="0" covered="53"/><counter type="BRANCH" missed="0" covered="4"/><counter type="LINE" missed="0" covered="10"/><counter type="COMPLEXITY" missed="0" covered="3"/><counter type="METHOD" missed="0" covered="1"/></method><method name="numOfSpaces" desc="(I)Ljava/lang/String;" line="58"><counter type="INSTRUCTION" missed="6" covered="0"/><counter type="LINE" missed="1" covered="0"/><counter type="COMPLEXITY" missed="1" covered="0"/><counter type="METHOD" missed="1" covered="0"/></method><method name="printGameStatus" desc="()V" line="62"><counter type="INSTRUCTION" missed="74" covered="0"/><counter type="BRANCH" missed="6" covered="0"/><counter type="LINE" missed="13" covered="0"/><counter type="COMPLEXITY" missed="4" covered="0"/><counter type="METHOD" missed="1" covered="0"/></method><method name="adjacentCells" desc="(II)Ljava/util/List;" line="80"><counter type="INSTRUCTION" missed="0" covered="130"/><counter type="BRANCH" missed="0" covered="16"/><counter type="LINE" missed="0" covered="16"/><counter type="COMPLEXITY" missed="0" covered="9"/><counter type="METHOD" missed="0" covered="1"/></method><method name="continueRound" desc="()Z" line="105"><counter type="INSTRUCTION" missed="0" covered="88"/><counter type="BRANCH" missed="0" covered="14"/><counter type="LINE" missed="0" covered="12"/><counter type="COMPLEXITY" missed="0" covered="8"/><counter type="METHOD" missed="0" covered="1"/></method><method name="handleChange" desc="(I)V" line="126"><counter type="INSTRUCTION" missed="13" covered="0"/><counter type="LINE" missed="4" covered="0"/><counter type="COMPLEXITY" missed="1" covered="0"/><counter type="METHOD" missed="1" covered="0"/></method><method name="round" desc="(II)V" line="132"><counter type="INSTRUCTION" missed="176" covered="0"/><counter type="BRANCH" missed="20" covered="0"/><counter type="LINE" missed="28" covered="0"/><counter type="COMPLEXITY" missed="11" covered="0"/><counter type="METHOD" missed="1" covered="0"/></method><method name="&lt;clinit&gt;" desc="()V" line="37"><counter type="INSTRUCTION" missed="0" covered="4"/><counter type="LINE" missed="0" covered="1"/><counter type="COMPLEXITY" missed="0" covered="1"/><counter type="METHOD" missed="0" covered="1"/></method><counter type="INSTRUCTION" missed="269" covered="275"/><counter type="BRANCH" missed="26" covered="34"/><counter type="LINE" missed="46" covered="39"/><counter type="COMPLEXITY" missed="17" covered="21"/><counter type="METHOD" missed="4" covered="4"/><counter type="CLASS" missed="0" covered="1"/></class><class name="com/iluwatar/typeobject/JsonParser" sourcefilename="JsonParser.java"><method name="&lt;init&gt;" desc="()V" line="41"><counter type="INSTRUCTION" missed="0" covered="8"/><counter type="LINE" missed="0" covered="3"/><counter type="COMPLEXITY" missed="0" covered="1"/><counter type="METHOD" missed="0" covered="1"/></method><method name="parse" desc="()V" line="46"><counter type="INSTRUCTION" missed="0" covered="79"/><counter type="BRANCH" missed="0" covered="4"/><counter type="LINE" missed="0" covered="18"/><counter type="COMPLEXITY" missed="0" covered="3"/><counter type="METHOD" missed="0" covered="1"/></method><method name="setParentAndPoints" desc="()V" line="67"><counter type="INSTRUCTION" missed="4" covered="38"/><counter type="BRANCH" missed="2" covered="6"/><counter type="LINE" missed="1" covered="8"/><counter type="COMPLEXITY" missed="2" covered="3"/><counter type="METHOD" missed="0" covered="1"/></method><counter type="INSTRUCTION" missed="4" covered="125"/><counter type="BRANCH" missed="2" covered="10"/><counter type="LINE" missed="1" covered="29"/><counter type="COMPLEXITY" missed="2" covered="7"/><counter type="METHOD" missed="0" covered="3"/><counter type="CLASS" missed="0" covered="1"/></class><class name="com/iluwatar/typeobject/Candy" sourcefilename="Candy.java"><method name="&lt;init&gt;" desc="(Ljava/lang/String;Ljava/lang/String;Lcom/iluwatar/typeobject/Candy$Type;I)V" line="51"><counter type="INSTRUCTION" missed="0" covered="18"/><counter type="LINE" missed="0" covered="7"/><counter type="COMPLEXITY" missed="0" covered="1"/><counter type="METHOD" missed="0" covered="1"/></method><counter type="INSTRUCTION" missed="0" covered="18"/><counter type="LINE" missed="0" covered="7"/><counter type="COMPLEXITY" missed="0" covered="1"/><counter type="METHOD" missed="0" covered="1"/><counter type="CLASS" missed="0" covered="1"/></class><class name="com/iluwatar/typeobject/Candy$Type" sourcefilename="Candy.java"><method name="&lt;clinit&gt;" desc="()V" line="38"><counter type="INSTRUCTION" missed="0" covered="24"/><counter type="LINE" missed="0" covered="3"/><counter type="COMPLEXITY" missed="0" covered="1"/><counter type="METHOD" missed="0" covered="1"/></method><counter type="INSTRUCTION" missed="0" covered="24"/><counter type="LINE" missed="0" covered="3"/><counter type="COMPLEXITY" missed="0" covered="1"/><counter type="METHOD" missed="0" covered="1"/><counter type="CLASS" missed="0" covered="1"/></class><class name="com/iluwatar/typeobject/App" sourcefilename="App.java"><method name="&lt;init&gt;" desc="()V" line="48"><counter type="INSTRUCTION" missed="3" covered="0"/><counter type="LINE" missed="1" covered="0"/><counter type="COMPLEXITY" missed="1" covered="0"/><counter type="METHOD" missed="1" covered="0"/></method><method name="main" desc="([Ljava/lang/String;)V" line="56"><counter type="INSTRUCTION" missed="91" covered="0"/><counter type="BRANCH" missed="8" covered="0"/><counter type="LINE" missed="27" covered="0"/><counter type="COMPLEXITY" missed="5" covered="0"/><counter type="METHOD" missed="1" covered="0"/></method><method name="&lt;clinit&gt;" desc="()V" line="47"><counter type="INSTRUCTION" missed="4" covered="0"/><counter type="LINE" missed="1" covered="0"/><counter type="COMPLEXITY" missed="1" covered="0"/><counter type="METHOD" missed="1" covered="0"/></method><counter type="INSTRUCTION" missed="98" covered="0"/><counter type="BRANCH" missed="8" covered="0"/><counter type="LINE" missed="29" covered="0"/><counter type="COMPLEXITY" missed="7" covered="0"/><counter type="METHOD" missed="3" covered="0"/><counter type="CLASS" missed="1" covered="0"/></class><sourcefile name="App.java"><line nr="47" mi="4" ci="0" mb="0" cb="0"/><line nr="48" mi="3" ci="0" mb="0" cb="0"/><line nr="56" mi="2" ci="0" mb="0" cb="0"/><line nr="57" mi="2" ci="0" mb="0" cb="0"/><line nr="58" mi="2" ci="0" mb="0" cb="0"/><line nr="59" mi="2" ci="0" mb="0" cb="0"/><line nr="60" mi="2" ci="0" mb="0" cb="0"/><line nr="61" mi="2" ci="0" mb="0" cb="0"/><line nr="62" mi="2" ci="0" mb="0" cb="0"/><line nr="63" mi="10" ci="0" mb="4" cb="0"/><line nr="64" mi="1" ci="0" mb="0" cb="0"/><line nr="65" mi="9" ci="0" mb="0" cb="0"/><line nr="66" mi="6" ci="0" mb="0" cb="0"/><line nr="67" mi="3" ci="0" mb="2" cb="0"/><line nr="68" mi="4" ci="0" mb="0" cb="0"/><line nr="70" mi="3" ci="0" mb="0" cb="0"/><line nr="72" mi="2" ci="0" mb="0" cb="0"/><line nr="73" mi="2" ci="0" mb="0" cb="0"/><line nr="74" mi="7" ci="0" mb="0" cb="0"/><line nr="75" mi="5" ci="0" mb="0" cb="0"/><line nr="76" mi="2" ci="0" mb="0" cb="0"/><line nr="77" mi="1" ci="0" mb="0" cb="0"/><line nr="78" mi="3" ci="0" mb="0" cb="0"/><line nr="79" mi="3" ci="0" mb="2" cb="0"/><line nr="80" mi="4" ci="0" mb="0" cb="0"/><line nr="81" mi="4" ci="0" mb="0" cb="0"/><line nr="83" mi="4" ci="0" mb="0" cb="0"/><line nr="84" mi="3" ci="0" mb="0" cb="0"/><line nr="86" mi="1" ci="0" mb="0" cb="0"/><counter type="INSTRUCTION" missed="98" covered="0"/><counter type="BRANCH" missed="8" covered="0"/><counter type="LINE" missed="29" covered="0"/><counter type="COMPLEXITY" missed="7" covered="0"/><counter type="METHOD" missed="3" covered="0"/><counter type="CLASS" missed="1" covered="0"/></sourcefile><sourcefile name="JsonParser.java"><line nr="41" mi="0" ci="2" mb="0" cb="0"/><line nr="42" mi="0" ci="5" mb="0" cb="0"/><line nr="43" mi="0" ci="1" mb="0" cb="0"/><line nr="46" mi="0" ci="6" mb="0" cb="0"/><line nr="47" mi="0" ci="5" mb="0" cb="0"/><line nr="48" mi="0" ci="4" mb="0" cb="0"/><line nr="49" mi="0" ci="5" mb="0" cb="0"/><line nr="50" mi="0" ci="10" mb="0" cb="2"/><line nr="51" mi="0" ci="3" mb="0" cb="0"/><line nr="52" mi="0" ci="5" mb="0" cb="0"/><line nr="53" mi="0" ci="5" mb="0" cb="0"/><line nr="54" mi="0" ci="5" mb="0" cb="0"/><line nr="55" mi="0" ci="2" mb="0" cb="0"/><line nr="56" mi="0" ci="4" mb="0" cb="2"/><line nr="57" mi="0" ci="2" mb="0" cb="0"/><line nr="59" mi="0" ci="5" mb="0" cb="0"/><line nr="60" mi="0" ci="8" mb="0" cb="0"/><line nr="61" mi="0" ci="6" mb="0" cb="0"/><line nr="62" mi="0" ci="1" mb="0" cb="0"/><line nr="63" mi="0" ci="2" mb="0" cb="0"/><line nr="64" mi="0" ci="1" mb="0" cb="0"/><line nr="67" mi="0" ci="7" mb="0" cb="2"/><line nr="68" mi="0" ci="7" mb="0" cb="0"/><line nr="69" mi="0" ci="3" mb="1" cb="1"/><line nr="70" mi="4" ci="0" mb="0" cb="0"/><line nr="72" mi="0" ci="8" mb="0" cb="0"/><line nr="74" mi="0" ci="6" mb="1" cb="3"/><line nr="75" mi="0" ci="5" mb="0" cb="0"/><line nr="77" mi="0" ci="1" mb="0" cb="0"/><line nr="78" mi="0" ci="1" mb="0" cb="0"/><counter type="INSTRUCTION" missed="4" covered="125"/><counter type="BRANCH" missed="2" covered="10"/><counter type="LINE" missed="1" covered="29"/><counter type="COMPLEXITY" missed="2" covered="7"/><counter type="METHOD" missed="0" covered="3"/><counter type="CLASS" missed="0" covered="1"/></sourcefile><sourcefile name="CandyGame.java"><line nr="37" mi="0" ci="4" mb="0" cb="0"/><line nr="44" mi="0" ci="2" mb="0" cb="0"/><line nr="45" mi="0" ci="5" mb="0" cb="0"/><line nr="46" mi="0" ci="3" mb="0" cb="0"/><line nr="47" mi="0" ci="3" mb="0" cb="0"/><line nr="48" mi="0" ci="7" mb="0" cb="2"/><line nr="49" mi="0" ci="7" mb="0" cb="2"/><line nr="50" mi="0" ci="9" mb="0" cb="0"/><line nr="51" mi="0" ci="8" mb="0" cb="0"/><line nr="52" mi="0" ci="8" mb="0" cb="0"/><line nr="55" mi="0" ci="1" mb="0" cb="0"/><line nr="58" mi="6" ci="0" mb="0" cb="0"/><line nr="62" mi="3" ci="0" mb="0" cb="0"/><line nr="63" mi="17" ci="0" mb="2" cb="0"/><line nr="64" mi="9" ci="0" mb="2" cb="0"/><line nr="65" mi="6" ci="0" mb="0" cb="0"/><line nr="66" mi="4" ci="0" mb="2" cb="0"/><line nr="67" mi="5" ci="0" mb="0" cb="0"/><line nr="68" mi="16" ci="0" mb="0" cb="0"/><line nr="69" mi="2" ci="0" mb="0" cb="0"/><line nr="70" mi="1" ci="0" mb="0" cb="0"/><line nr="71" mi="4" ci="0" mb="0" cb="0"/><line nr="74" mi="3" ci="0" mb="0" cb="0"/><line nr="76" mi="3" ci="0" mb="0" cb="0"/><line nr="77" mi="1" ci="0" mb="0" cb="0"/><line nr="80" mi="0" ci="4" mb="0" cb="0"/><line nr="81" mi="0" ci="2" mb="0" cb="2"/><line nr="82" mi="0" ci="9" mb="0" cb="0"/><line nr="84" mi="0" ci="2" mb="0" cb="2"/><line nr="85" mi="0" ci="9" mb="0" cb="0"/><line nr="87" mi="0" ci="7" mb="0" cb="2"/><line nr="88" mi="0" ci="13" mb="0" cb="0"/><line nr="90" mi="0" ci="7" mb="0" cb="2"/><line nr="91" mi="0" ci="13" mb="0" cb="0"/><line nr="93" mi="0" ci="9" mb="0" cb="4"/><line nr="94" mi="0" ci="11" mb="0" cb="0"/><line nr="95" mi="0" ci="11" mb="0" cb="0"/><line nr="97" mi="0" ci="9" mb="0" cb="4"/><line nr="98" mi="0" ci="11" mb="0" cb="0"/><line nr="99" mi="0" ci="11" mb="0" cb="0"/><line nr="101" mi="0" ci="2" mb="0" cb="0"/><line nr="105" mi="0" ci="9" mb="0" cb="2"/><line nr="106" mi="0" ci="15" mb="0" cb="2"/><line nr="107" mi="0" ci="2" mb="0" cb="0"/><line nr="110" mi="0" ci="9" mb="0" cb="2"/><line nr="111" mi="0" ci="9" mb="0" cb="2"/><line nr="112" mi="0" ci="11" mb="0" cb="2"/><line nr="113" mi="0" ci="5" mb="0" cb="0"/><line nr="114" mi="0" ci="10" mb="0" cb="2"/><line nr="115" mi="0" ci="13" mb="0" cb="2"/><line nr="116" mi="0" ci="2" mb="0" cb="0"/><line nr="118" mi="0" ci="1" mb="0" cb="0"/><line nr="122" mi="0" ci="2" mb="0" cb="0"/><line nr="126" mi="4" ci="0" mb="0" cb="0"/><line nr="127" mi="6" ci="0" mb="0" cb="0"/><line nr="128" mi="2" ci="0" mb="0" cb="0"/><line nr="129" mi="1" ci="0" mb="0" cb="0"/><line nr="132" mi="2" ci="0" mb="0" cb="0"/><line nr="133" mi="2" ci="0" mb="0" cb="0"/><line nr="134" mi="13" ci="0" mb="4" cb="0"/><line nr="135" mi="9" ci="0" mb="2" cb="0"/><line nr="136" mi="2" ci="0" mb="0" cb="0"/><line nr="137" mi="6" ci="0" mb="0" cb="0"/><line nr="138" mi="11" ci="0" mb="2" cb="0"/><line nr="139" mi="9" ci="0" mb="0" cb="0"/><line nr="140" mi="11" ci="0" mb="0" cb="0"/><line nr="141" mi="4" ci="0" mb="0" cb="0"/><line nr="144" mi="9" ci="0" mb="2" cb="0"/><line nr="145" mi="6" ci="0" mb="0" cb="0"/><line nr="146" mi="2" ci="0" mb="0" cb="0"/><line nr="147" mi="2" ci="0" mb="2" cb="0"/><line nr="148" mi="20" ci="0" mb="0" cb="0"/><line nr="149" mi="2" ci="0" mb="2" cb="0"/><line nr="150" mi="4" ci="0" mb="0" cb="0"/><line nr="152" mi="5" ci="0" mb="0" cb="0"/><line nr="156" mi="17" ci="0" mb="2" cb="0"/><line nr="157" mi="2" ci="0" mb="0" cb="0"/><line nr="158" mi="2" ci="0" mb="0" cb="0"/><line nr="159" mi="7" ci="0" mb="2" cb="0"/><line nr="160" mi="14" ci="0" mb="0" cb="0"/><line nr="161" mi="2" ci="0" mb="2" cb="0"/><line nr="162" mi="4" ci="0" mb="0" cb="0"/><line nr="164" mi="5" ci="0" mb="0" cb="0"/><line nr="168" mi="3" ci="0" mb="0" cb="0"/><line nr="170" mi="1" ci="0" mb="0" cb="0"/><counter type="INSTRUCTION" missed="269" covered="275"/><counter type="BRANCH" missed="26" covered="34"/><counter type="LINE" missed="46" covered="39"/><counter type="COMPLEXITY" missed="17" covered="21"/><counter type="METHOD" missed="4" covered="4"/><counter type="CLASS" missed="0" covered="1"/></sourcefile><sourcefile name="Candy.java"><line nr="38" mi="0" ci="12" mb="0" cb="0"/><line nr="39" mi="0" ci="6" mb="0" cb="0"/><line nr="40" mi="0" ci="6" mb="0" cb="0"/><line nr="51" mi="0" ci="2" mb="0" cb="0"/><line nr="52" mi="0" ci="3" mb="0" cb="0"/><line nr="53" mi="0" ci="3" mb="0" cb="0"/><line nr="54" mi="0" ci="3" mb="0" cb="0"/><line nr="55" mi="0" ci="3" mb="0" cb="0"/><line nr="56" mi="0" ci="3" mb="0" cb="0"/><line nr="57" mi="0" ci="1" mb="0" cb="0"/><counter type="INSTRUCTION" missed="0" covered="42"/><counter type="LINE" missed="0" covered="10"/><counter type="COMPLEXITY" missed="0" covered="2"/><counter type="METHOD" missed="0" covered="2"/><counter type="CLASS" missed="0" covered="2"/></sourcefile><sourcefile name="CellPool.java"><line nr="40" mi="0" ci="5" mb="0" cb="0"/><line nr="47" mi="0" ci="2" mb="0" cb="0"/><line nr="48" mi="0" ci="6" mb="0" cb="0"/><line nr="50" mi="0" ci="4" mb="0" cb="0"/><line nr="51" mi="1" ci="0" mb="0" cb="0"/><line nr="52" mi="2" ci="0" mb="0" cb="0"/><line nr="54" mi="4" ci="0" mb="0" cb="0"/><line nr="55" mi="11" ci="0" mb="0" cb="0"/><line nr="56" mi="11" ci="0" mb="0" cb="0"/><line nr="57" mi="11" ci="0" mb="0" cb="0"/><line nr="58" mi="11" ci="0" mb="0" cb="0"/><line nr="59" mi="11" ci="0" mb="0" cb="0"/><line nr="60" mi="0" ci="1" mb="0" cb="0"/><line nr="61" mi="0" ci="7" mb="0" cb="2"/><line nr="62" mi="0" ci="4" mb="0" cb="0"/><line nr="63" mi="0" ci="10" mb="0" cb="0"/><line nr="64" mi="0" ci="5" mb="0" cb="0"/><line nr="66" mi="0" ci="5" mb="0" cb="0"/><line nr="67" mi="0" ci="1" mb="0" cb="0"/><line nr="70" mi="0" ci="7" mb="0" cb="0"/><line nr="71" mi="0" ci="6" mb="0" cb="0"/><line nr="72" mi="0" ci="2" mb="0" cb="0"/><line nr="76" mi="0" ci="10" mb="0" cb="0"/><line nr="77" mi="0" ci="5" mb="0" cb="0"/><line nr="78" mi="0" ci="6" mb="0" cb="0"/><line nr="79" mi="0" ci="1" mb="0" cb="0"/><line nr="82" mi="0" ci="4" mb="0" cb="0"/><line nr="83" mi="0" ci="2" mb="0" cb="0"/><line nr="84" mi="0" ci="7" mb="0" cb="0"/><line nr="85" mi="0" ci="2" mb="0" cb="0"/><line nr="86" mi="0" ci="7" mb="0" cb="2"/><line nr="87" mi="0" ci="4" mb="0" cb="0"/><line nr="88" mi="0" ci="8" mb="0" cb="4"/><line nr="90" mi="0" ci="8" mb="0" cb="0"/><line nr="91" mi="0" ci="1" mb="0" cb="0"/><line nr="93" mi="0" ci="1" mb="0" cb="0"/><line nr="94" mi="0" ci="2" mb="0" cb="0"/><counter type="INSTRUCTION" missed="62" covered="133"/><counter type="BRANCH" missed="0" covered="8"/><counter type="LINE" missed="8" covered="29"/><counter type="COMPLEXITY" missed="0" covered="9"/><counter type="METHOD" missed="0" covered="5"/><counter type="CLASS" missed="0" covered="1"/></sourcefile><sourcefile name="Cell.java"><line nr="44" mi="0" ci="3" mb="0" cb="0"/><line nr="45" mi="0" ci="4" mb="0" cb="0"/><line nr="46" mi="0" ci="1" mb="0" cb="0"/><line nr="49" mi="0" ci="7" mb="0" cb="2"/><line nr="50" mi="0" ci="14" mb="0" cb="0"/><line nr="51" mi="0" ci="8" mb="0" cb="0"/><line nr="53" mi="0" ci="3" mb="0" cb="0"/><line nr="54" mi="0" ci="7" mb="0" cb="0"/><line nr="55" mi="0" ci="9" mb="0" cb="0"/><line nr="56" mi="0" ci="8" mb="0" cb="0"/><line nr="57" mi="0" ci="1" mb="0" cb="0"/><line nr="60" mi="0" ci="5" mb="1" cb="1"/><line nr="61" mi="0" ci="4" mb="0" cb="0"/><line nr="62" mi="0" ci="5" mb="0" cb="0"/><line nr="64" mi="4" ci="0" mb="0" cb="0"/><line nr="65" mi="4" ci="0" mb="0" cb="0"/><line nr="67" mi="0" ci="1" mb="0" cb="0"/><line nr="70" mi="0" ci="10" mb="0" cb="2"/><line nr="71" mi="0" ci="2" mb="1" cb="1"/><line nr="72" mi="0" ci="2" mb="0" cb="0"/><line nr="74" mi="0" ci="8" mb="1" cb="1"/><line nr="75" mi="0" ci="8" mb="0" cb="0"/><line nr="76" mi="0" ci="5" mb="0" cb="0"/><line nr="77" mi="0" ci="2" mb="0" cb="0"/><line nr="79" mi="2" ci="0" mb="0" cb="0"/><counter type="INSTRUCTION" missed="10" covered="117"/><counter type="BRANCH" missed="3" covered="7"/><counter type="LINE" missed="3" covered="22"/><counter type="COMPLEXITY" missed="3" covered="6"/><counter type="METHOD" missed="0" covered="4"/><counter type="CLASS" missed="0" covered="1"/></sourcefile><counter type="INSTRUCTION" missed="443" covered="692"/><counter type="BRANCH" missed="39" covered="59"/><counter type="LINE" missed="87" covered="129"/><counter type="COMPLEXITY" missed="29" covered="45"/><counter type="METHOD" missed="7" covered="18"/><counter type="CLASS" missed="1" covered="6"/></package><counter type="INSTRUCTION" missed="443" covered="692"/><counter type="BRANCH" missed="39" covered="59"/><counter type="LINE" missed="87" covered="129"/><counter type="COMPLEXITY" missed="29" covered="45"/><counter type="METHOD" missed="7" covered="18"/><counter type="CLASS" missed="1" covered="6"/></report>