<?xml version="1.0" encoding="UTF-8"?>
<testsuite xmlns:xsi="http://www.w3.org/2001/XMLSchema-instance" xsi:noNamespaceSchemaLocation="https://maven.apache.org/surefire/maven-surefire-plugin/xsd/surefire-test-report-3.0.xsd" version="3.0" name="com.iluwatar.event.aggregator.KingJoffrey_ESTest" time="0.042" tests="1" errors="0" skipped="0" failures="0">
  <properties>
[...]
</properties>
  <testcase name="test0" classname="com.iluwatar.event.aggregator.KingJoffrey_ESTest" time="0.035">
    <system-out><![CDATA[16:34:27.097 [main] INFO com.iluwatar.event.aggregator.KingJoffrey - Received event from the King's Hand: White walkers sighted
]]></system-out>
  </testcase>
</testsuite>