<?xml version="1.0" encoding="UTF-8"?>
<testsuite xmlns:xsi="http://www.w3.org/2001/XMLSchema-instance" xsi:noNamespaceSchemaLocation="https://maven.apache.org/surefire/maven-surefire-plugin/xsd/surefire-test-report-3.0.xsd" version="3.0" name="com.iluwatar.interpreter.MinusExpression_ESTest" time="0.017" tests="5" errors="0" skipped="0" failures="0">
  <properties>
[...]
</properties>
  <testcase name="test0" classname="com.iluwatar.interpreter.MinusExpression_ESTest" time="0.007"/>
  <testcase name="test1" classname="com.iluwatar.interpreter.MinusExpression_ESTest" time="0.0"/>
  <testcase name="test2" classname="com.iluwatar.interpreter.MinusExpression_ESTest" time="0.0"/>
  <testcase name="test3" classname="com.iluwatar.interpreter.MinusExpression_ESTest" time="0.002"/>
  <testcase name="test4" classname="com.iluwatar.interpreter.MinusExpression_ESTest" time="0.001"/>
</testsuite>