<?xml version="1.0" encoding="UTF-8"?>
<testsuite xmlns:xsi="http://www.w3.org/2001/XMLSchema-instance" xsi:noNamespaceSchemaLocation="https://maven.apache.org/surefire/maven-surefire-plugin/xsd/surefire-test-report-3.0.xsd" version="3.0" name="com.iluwatar.hexagonal.banking.MongoBankTest" time="5.214" tests="2" errors="0" skipped="0" failures="0">
  <properties>
[...]
</properties>
  <testcase name="testSetup" classname="com.iluwatar.hexagonal.banking.MongoBankTest" time="0.102">
    <system-out><![CDATA[13:00:02.833 [main] DEBUG org.mongodb.driver.cluster - Updating cluster description to  {type=UNKNOWN, servers=[{address=localhost:27017, type=UNKNOWN, state=CONNECTING}]
13:00:02.845 [main] INFO org.mongodb.driver.client - MongoClient with metadata {"driver": {"name": "mongo-java-driver|sync", "version": "4.6.1"}, "os": {"type": "Darwin", "name": "Mac OS X", "architecture": "aarch64", "version": "13.5.1"}, "platform": "Java/Amazon.com Inc./11.0.22+7-LTS"} created with settings MongoClientSettings{readPreference=primary, writeConcern=WriteConcern{w=null, wTimeout=null ms, journal=null}, retryWrites=true, retryReads=true, readConcern=ReadConcern{level=null}, credential=null, streamFactoryFactory=null, commandListeners=[], codecRegistry=ProvidersCodecRegistry{codecProviders=[ValueCodecProvider{}, BsonValueCodecProvider{}, DBRefCodecProvider{}, DBObjectCodecProvider{}, DocumentCodecProvider{}, IterableCodecProvider{}, MapCodecProvider{}, GeoJsonCodecProvider{}, GridFSFileCodecProvider{}, Jsr310CodecProvider{}, JsonObjectCodecProvider{}, BsonCodecProvider{}, EnumCodecProvider{}, com.mongodb.Jep395RecordCodecProvider@2f7d8a7c]}, clusterSettings={hosts=[localhost:27017], srvServiceName=mongodb, mode=SINGLE, requiredClusterType=UNKNOWN, requiredReplicaSetName='null', serverSelector='null', clusterListeners='[]', serverSelectionTimeout='30000 ms', localThreshold='30000 ms'}, socketSettings=SocketSettings{connectTimeoutMS=10000, readTimeoutMS=0, receiveBufferSize=0, sendBufferSize=0}, heartbeatSocketSettings=SocketSettings{connectTimeoutMS=10000, readTimeoutMS=10000, receiveBufferSize=0, sendBufferSize=0}, connectionPoolSettings=ConnectionPoolSettings{maxSize=100, minSize=0, maxWaitTimeMS=120000, maxConnectionLifeTimeMS=0, maxConnectionIdleTimeMS=0, maintenanceInitialDelayMS=0, maintenanceFrequencyMS=60000, connectionPoolListeners=[], maxConnecting=2}, serverSettings=ServerSettings{heartbeatFrequencyMS=10000, minHeartbeatFrequencyMS=500, serverListeners='[]', serverMonitorListeners='[]'}, sslSettings=SslSettings{enabled=false, invalidHostNameAllowed=false, context=null}, applicationName='null', compressorList=[], uuidRepresentation=UNSPECIFIED, serverApi=null, autoEncryptionSettings=null, contextProvider=null}
13:00:02.847 [cluster-rtt-ClusterId{value='661e68429bcf03662b9fe601', description='null'}-localhost:27017] DEBUG org.mongodb.driver.connection - Closing connection connectionId{localValue:2}
13:00:02.847 [cluster-ClusterId{value='661e68429bcf03662b9fe601', description='null'}-localhost:27017] DEBUG org.mongodb.driver.connection - Closing connection connectionId{localValue:1}
13:00:02.848 [cluster-ClusterId{value='661e68429bcf03662b9fe601', description='null'}-localhost:27017] INFO org.mongodb.driver.cluster - Exception in monitor thread while connecting to server localhost:27017
com.mongodb.MongoSocketOpenException: Exception opening socket
	at com.mongodb.internal.connection.SocketStream.open(SocketStream.java:70)
	at com.mongodb.internal.connection.InternalStreamConnection.open(InternalStreamConnection.java:180)
	at com.mongodb.internal.connection.DefaultServerMonitor$ServerMonitorRunnable.lookupServerDescription(DefaultServerMonitor.java:193)
	at com.mongodb.internal.connection.DefaultServerMonitor$ServerMonitorRunnable.run(DefaultServerMonitor.java:157)
	at java.base/java.lang.Thread.run(Thread.java:829)
Caused by: java.net.ConnectException: Connection refused (Connection refused)
	at java.base/java.net.PlainSocketImpl.socketConnect(Native Method)
	at java.base/java.net.AbstractPlainSocketImpl.doConnect(AbstractPlainSocketImpl.java:412)
	at java.base/java.net.AbstractPlainSocketImpl.connectToAddress(AbstractPlainSocketImpl.java:255)
	at java.base/java.net.AbstractPlainSocketImpl.connect(AbstractPlainSocketImpl.java:237)
	at java.base/java.net.SocksSocketImpl.connect(SocksSocketImpl.java:392)
	at java.base/java.net.Socket.connect(Socket.java:609)
	at com.mongodb.internal.connection.SocketStreamHelper.initialize(SocketStreamHelper.java:107)
	at com.mongodb.internal.connection.SocketStream.initializeSocket(SocketStream.java:79)
	at com.mongodb.internal.connection.SocketStream.open(SocketStream.java:65)
	... 4 common frames omitted
13:00:02.849 [cluster-ClusterId{value='661e68429bcf03662b9fe601', description='null'}-localhost:27017] DEBUG org.mongodb.driver.cluster - Updating cluster description to  {type=UNKNOWN, servers=[{address=localhost:27017, type=UNKNOWN, state=CONNECTING, exception={com.mongodb.MongoSocketOpenException: Exception opening socket}, caused by {java.net.ConnectException: Connection refused (Connection refused)}}]
[mongod output]2024-04-16T13:00:06.827+0100 I STORAGE  [main] Max cache overflow file size custom option: 0
[mongod output] 2024-04-16T13:00:06.829+0100 I CONTROL  [main] note: noprealloc may hurt performance in many applications
[mongod output] 2024-04-16T13:00:06.830+0100 I CONTROL  [main] Automatically disabling TLS 1.0, to force-enable TLS 1.0 specify --sslDisabledProtocols 'none'
[mongod output] 2024-04-16T13:00:06.835+0100 I CONTROL  [initandlisten] MongoDB starting : pid=89840 port=27017 dbpath=/var/folders/r5/wybk1jdx0sd04gfc1n3_j0yw0000gn/T/embedmongo-db-38e91a22-afa3-4ba1-b420-3d8c8fa0e077 64-bit host=Nyalls-MacBook-Air.local
[mongod output] 2024-04-16T13:00:06.835+0100 I CONTROL  [initandlisten] db version v4.0.12
[mongod output] 2024-04-16T13:00:06.835+0100 I CONTROL  [initandlisten] git version: 5776e3cbf9e7afe86e6b29e22520ffb6766e95d4
[mongod output] 2024-04-16T13:00:06.835+0100 I CONTROL  [initandlisten] allocator: system
[mongod output] 2024-04-16T13:00:06.835+0100 I CONTROL  [initandlisten] modules: none
[mongod output] 2024-04-16T13:00:06.835+0100 I CONTROL  [initandlisten] build environment:
[mongod output] 2024-04-16T13:00:06.835+0100 I CONTROL  [initandlisten]     distarch: x86_64
[mongod output] 2024-04-16T13:00:06.835+0100 I CONTROL  [initandlisten]     target_arch: x86_64
[mongod output] 2024-04-16T13:00:06.835+0100 I CONTROL  [initandlisten] machdep.cpu.extfeatures unavailable
[mongod output] 2024-04-16T13:00:06.835+0100 I CONTROL  [initandlisten] options: { net: { bindIp: "127.0.0.1", ipv6: true, port: 27017 }, security: { authorization: "disabled" }, storage: { dbPath: "/var/folders/r5/wybk1jdx0sd04gfc1n3_j0yw0000gn/T/embedmongo-db-38e91a22-afa3-4ba1-b420-3d8c8fa0e077", journal: { enabled: false }, mmapv1: { preallocDataFiles: false, smallFiles: true }, syncPeriodSecs: 0.0 } }
[mongod output] 2024-04-16T13:00:06.836+0100 I STORAGE  [initandlisten] wiredtiger_open config: create,cache_size=3584M,cache_overflow=(file_max=0M),session_max=20000,eviction=(threads_min=4,threads_max=4),config_base=false,statistics=(fast),log=(enabled=true,archive=true,path=journal,compressor=snappy),file_manager=(close_idle_time=100000),statistics_log=(wait=0),verbose=(recovery_progress),,log=(enabled=false),
[mongod output] 2024-04-16T13:00:07.459+0100 I STORAGE  [initandlisten] WiredTiger message [1713268807:459942][89840:0x204bf4280], txn-recover: Set global recovery timestamp: 0
[mongod output] 2024-04-16T13:00:07.479+0100 I RECOVERY [initandlisten] WiredTiger recoveryTimestamp. Ts: Timestamp(0, 0)
[mongod output] 2024-04-16T13:00:07.517+0100 W STORAGE  [initandlisten] Detected configuration for non-active storage engine mmapv1 when current storage engine is wiredTiger
[mongod output] 2024-04-16T13:00:07.518+0100 I STORAGE  [initandlisten] createCollection: admin.system.version with provided UUID: 4b8a698c-b9c3-4999-9df5-157a7ea7ca29
[mongod output] 2024-04-16T13:00:07.554+0100 I COMMAND  [initandlisten] setting featureCompatibilityVersion to 4.0
[mongod output] 2024-04-16T13:00:07.557+0100 I STORAGE  [initandlisten] createCollection: local.startup_log with generated UUID: 8b627ba8-417d-441f-9420-69b78531d485
[mongod output] 2024-04-16T13:00:07.599+0100 I FTDC     [initandlisten] Initializing full-time diagnostic data capture with directory '/var/folders/r5/wybk1jdx0sd04gfc1n3_j0yw0000gn/T/embedmongo-db-38e91a22-afa3-4ba1-b420-3d8c8fa0e077/diagnostic.data'
[mongod output] 2024-04-16T13:00:07.622+0100 I NETWORK  [initandlisten] waiting for connections on port 27017
[mongod output] 13:00:07.623 [main] INFO de.flapdoodle.embed.mongo.MongodExecutable - start MongodConfig{version=PRODUCTION, timeout=de.flapdoodle.embed.mongo.config.Timeout@69c263f8, net=de.flapdoodle.embed.mongo.config.Net@5058fefb, cmdOptions=MongoCmdOptions{syncDelay=0, useDefaultSyncDelay=false, isVerbose=false, useNoPrealloc=true, useSmallFiles=true, useNoJournal=true, enableTextSearch=false, auth=false, master=false}, password=, userName=, replication=de.flapdoodle.embed.mongo.config.Storage@198a0416, isConfigServer=false, isShardServer=false, processListener=de.flapdoodle.embed.mongo.config.processlistener.NoopProcessListener@1f207142, params={}, args={}, pidFile=mongod.pid, supportConfig=de.flapdoodle.embed.mongo.config.SupportConfig@65871cfd}
2024-04-16T13:00:07.625+0100 I STORAGE  [LogicalSessionCacheRefresh] createCollection: config.system.sessions with generated UUID: 2dd134d8-dbb4-41f9-b86e-2c91ed43a5bc
[mongod output] 13:00:07.637 [main] INFO org.mongodb.driver.cluster - Cluster description not yet available. Waiting for 30000 ms before timing out
2024-04-16T13:00:07.638+0100 I NETWORK  [listener] connection accepted from 127.0.0.1:62958 #1 (1 connection now open)
[mongod output] 2024-04-16T13:00:07.647+0100 I NETWORK  [conn1] received client metadata from 127.0.0.1:62958 conn1: { driver: { name: "mongo-java-driver|sync", version: "4.6.1" }, os: { type: "Darwin", name: "Mac OS X", architecture: "aarch64", version: "13.5.1" }, platform: "Java/Amazon.com Inc./11.0.22+7-LTS" }
[mongod output] 13:00:07.660 [cluster-ClusterId{value='661e68429bcf03662b9fe601', description='null'}-localhost:27017] INFO org.mongodb.driver.connection - Opened connection [connectionId{localValue:3, serverValue:1}] to localhost:27017
13:00:07.660 [cluster-ClusterId{value='661e68429bcf03662b9fe601', description='null'}-localhost:27017] INFO org.mongodb.driver.cluster - Monitor thread successfully connected to server with description ServerDescription{address=localhost:27017, type=STANDALONE, state=CONNECTED, ok=true, minWireVersion=0, maxWireVersion=7, maxDocumentSize=16777216, logicalSessionTimeoutMinutes=30, roundTripTimeNanos=17667375}
13:00:07.661 [cluster-ClusterId{value='661e68429bcf03662b9fe601', description='null'}-localhost:27017] DEBUG org.mongodb.driver.connection - Marking the connection pool for ServerId{clusterId=ClusterId{value='661e68429bcf03662b9fe601', description='null'}, address=localhost:27017} as 'ready'
13:00:07.661 [MaintenanceTimer-2-thread-1] DEBUG org.mongodb.driver.connection - Pruning pooled connections to localhost:27017
13:00:07.662 [cluster-ClusterId{value='661e68429bcf03662b9fe601', description='null'}-localhost:27017] DEBUG org.mongodb.driver.cluster - Updating cluster description to  {type=STANDALONE, servers=[{address=localhost:27017, type=STANDALONE, roundTripTime=17.7 ms, state=CONNECTED}]
2024-04-16T13:00:07.676+0100 I INDEX    [LogicalSessionCacheRefresh] build index on: config.system.sessions properties: { v: 2, key: { lastUse: 1 }, name: "lsidTTLIndex", ns: "config.system.sessions", expireAfterSeconds: 1800 }
[mongod output] 2024-04-16T13:00:07.676+0100 I INDEX    [LogicalSessionCacheRefresh] 	 building index using bulk method; build may temporarily use up to 500 megabytes of RAM
[mongod output] 2024-04-16T13:00:07.676+0100 W STORAGE  [LogicalSessionCacheRefresh] failed to create WiredTiger bulk cursor: Resource busy
[mongod output] 2024-04-16T13:00:07.676+0100 W STORAGE  [LogicalSessionCacheRefresh] falling back to non-bulk cursor for index table:index-6-6248216829127664065
[mongod output] 2024-04-16T13:00:07.676+0100 I INDEX    [LogicalSessionCacheRefresh] build index done.  scanned 0 total records. 0 secs
[mongod output] 2024-04-16T13:00:07.682+0100 I NETWORK  [listener] connection accepted from 127.0.0.1:62959 #2 (2 connections now open)
[mongod output] 2024-04-16T13:00:07.682+0100 I NETWORK  [conn2] received client metadata from 127.0.0.1:62959 conn2: { driver: { name: "mongo-java-driver|sync", version: "4.6.1" }, os: { type: "Darwin", name: "Mac OS X", architecture: "aarch64", version: "13.5.1" }, platform: "Java/Amazon.com Inc./11.0.22+7-LTS" }
[mongod output] 13:00:07.684 [main] INFO org.mongodb.driver.connection - Opened connection [connectionId{localValue:4, serverValue:2}] to localhost:27017
13:00:07.697 [main] DEBUG org.mongodb.driver.protocol.command - Sending command '{"dropDatabase": 1, "$db": "lotteryDBTest", "lsid": {"id": {"$binary": {"base64": "LqtWuiP1RiOekMnOsRyL9w==", "subType": "04"}}}}' with request id 5 to database lotteryDBTest on connection [connectionId{localValue:4, serverValue:2}] to server localhost:27017
13:00:07.697 [main] DEBUG org.mongodb.driver.protocol.command - Execution of command with request id 5 completed successfully in 3.68 ms on connection [connectionId{localValue:4, serverValue:2}] to server localhost:27017
13:00:07.708 [main] DEBUG org.mongodb.driver.cluster - Updating cluster description to  {type=UNKNOWN, servers=[{address=localhost:27017, type=UNKNOWN, state=CONNECTING}]
2024-04-16T13:00:07.708+0100 I NETWORK  [listener] connection accepted from 127.0.0.1:62960 #3 (3 connections now open)
[mongod output] 2024-04-16T13:00:07.708+0100 I NETWORK  [listener] connection accepted from 127.0.0.1:62961 #4 (4 connections now open)
[mongod output] 2024-04-16T13:00:07.709+0100 I NETWORK  [conn4] received client metadata from 127.0.0.1:62961 conn4: { driver: { name: "mongo-java-driver|legacy", version: "4.6.1" }, os: { type: "Darwin", name: "Mac OS X", architecture: "aarch64", version: "13.5.1" }, platform: "Java/Amazon.com Inc./11.0.22+7-LTS" }
[mongod output] 2024-04-16T13:00:07.709+0100 I NETWORK  [conn3] received client metadata from 127.0.0.1:62960 conn3: { driver: { name: "mongo-java-driver|legacy", version: "4.6.1" }, os: { type: "Darwin", name: "Mac OS X", architecture: "aarch64", version: "13.5.1" }, platform: "Java/Amazon.com Inc./11.0.22+7-LTS" }
[mongod output] 13:00:07.709 [main] INFO org.mongodb.driver.client - MongoClient with metadata {"driver": {"name": "mongo-java-driver|legacy", "version": "4.6.1"}, "os": {"type": "Darwin", "name": "Mac OS X", "architecture": "aarch64", "version": "13.5.1"}, "platform": "Java/Amazon.com Inc./11.0.22+7-LTS"} created with settings MongoClientSettings{readPreference=primary, writeConcern=WriteConcern{w=null, wTimeout=null ms, journal=null}, retryWrites=true, retryReads=true, readConcern=ReadConcern{level=null}, credential=null, streamFactoryFactory=null, commandListeners=[], codecRegistry=ProvidersCodecRegistry{codecProviders=[ValueCodecProvider{}, BsonValueCodecProvider{}, DBRefCodecProvider{}, DBObjectCodecProvider{}, DocumentCodecProvider{}, IterableCodecProvider{}, MapCodecProvider{}, GeoJsonCodecProvider{}, GridFSFileCodecProvider{}, Jsr310CodecProvider{}, JsonObjectCodecProvider{}, BsonCodecProvider{}, EnumCodecProvider{}, com.mongodb.Jep395RecordCodecProvider@2f7d8a7c]}, clusterSettings={hosts=[localhost:27017], srvServiceName=mongodb, mode=SINGLE, requiredClusterType=UNKNOWN, requiredReplicaSetName='null', serverSelector='null', clusterListeners='[]', serverSelectionTimeout='30000 ms', localThreshold='30000 ms'}, socketSettings=SocketSettings{connectTimeoutMS=10000, readTimeoutMS=0, receiveBufferSize=0, sendBufferSize=0}, heartbeatSocketSettings=SocketSettings{connectTimeoutMS=10000, readTimeoutMS=10000, receiveBufferSize=0, sendBufferSize=0}, connectionPoolSettings=ConnectionPoolSettings{maxSize=100, minSize=0, maxWaitTimeMS=120000, maxConnectionLifeTimeMS=0, maxConnectionIdleTimeMS=0, maintenanceInitialDelayMS=0, maintenanceFrequencyMS=60000, connectionPoolListeners=[], maxConnecting=2}, serverSettings=ServerSettings{heartbeatFrequencyMS=10000, minHeartbeatFrequencyMS=500, serverListeners='[]', serverMonitorListeners='[]'}, sslSettings=SslSettings{enabled=false, invalidHostNameAllowed=false, context=null}, applicationName='null', compressorList=[], uuidRepresentation=UNSPECIFIED, serverApi=null, autoEncryptionSettings=null, contextProvider=null}
13:00:07.710 [main] INFO org.mongodb.driver.client - MongoClient with metadata {"driver": {"name": "mongo-java-driver|legacy", "version": "4.6.1"}, "os": {"type": "Darwin", "name": "Mac OS X", "architecture": "aarch64", "version": "13.5.1"}, "platform": "Java/Amazon.com Inc./11.0.22+7-LTS"} created with settings MongoClientSettings{readPreference=primary, writeConcern=WriteConcern{w=null, wTimeout=null ms, journal=null}, retryWrites=true, retryReads=true, readConcern=ReadConcern{level=null}, credential=null, streamFactoryFactory=null, commandListeners=[], codecRegistry=ProvidersCodecRegistry{codecProviders=[ValueCodecProvider{}, BsonValueCodecProvider{}, DBRefCodecProvider{}, DBObjectCodecProvider{}, DocumentCodecProvider{}, IterableCodecProvider{}, MapCodecProvider{}, GeoJsonCodecProvider{}, GridFSFileCodecProvider{}, Jsr310CodecProvider{}, JsonObjectCodecProvider{}, BsonCodecProvider{}, EnumCodecProvider{}, com.mongodb.Jep395RecordCodecProvider@2f7d8a7c]}, clusterSettings={hosts=[localhost:27017], srvServiceName=mongodb, mode=SINGLE, requiredClusterType=UNKNOWN, requiredReplicaSetName='null', serverSelector='null', clusterListeners='[]', serverSelectionTimeout='30000 ms', localThreshold='30000 ms'}, socketSettings=SocketSettings{connectTimeoutMS=10000, readTimeoutMS=0, receiveBufferSize=0, sendBufferSize=0}, heartbeatSocketSettings=SocketSettings{connectTimeoutMS=10000, readTimeoutMS=10000, receiveBufferSize=0, sendBufferSize=0}, connectionPoolSettings=ConnectionPoolSettings{maxSize=100, minSize=0, maxWaitTimeMS=120000, maxConnectionLifeTimeMS=0, maxConnectionIdleTimeMS=0, maintenanceInitialDelayMS=0, maintenanceFrequencyMS=60000, connectionPoolListeners=[], maxConnecting=2}, serverSettings=ServerSettings{heartbeatFrequencyMS=10000, minHeartbeatFrequencyMS=500, serverListeners='[]', serverMonitorListeners='[]'}, sslSettings=SslSettings{enabled=false, invalidHostNameAllowed=false, context=null}, applicationName='null', compressorList=[], uuidRepresentation=UNSPECIFIED, serverApi=null, autoEncryptionSettings=null, contextProvider=null}
13:00:07.711 [cluster-ClusterId{value='661e68479bcf03662b9fe602', description='null'}-localhost:27017] INFO org.mongodb.driver.connection - Opened connection [connectionId{localValue:5, serverValue:3}] to localhost:27017
13:00:07.711 [cluster-ClusterId{value='661e68479bcf03662b9fe602', description='null'}-localhost:27017] INFO org.mongodb.driver.cluster - Monitor thread successfully connected to server with description ServerDescription{address=localhost:27017, type=STANDALONE, state=CONNECTED, ok=true, minWireVersion=0, maxWireVersion=7, maxDocumentSize=16777216, logicalSessionTimeoutMinutes=30, roundTripTimeNanos=1480208}
13:00:07.711 [cluster-rtt-ClusterId{value='661e68479bcf03662b9fe602', description='null'}-localhost:27017] INFO org.mongodb.driver.connection - Opened connection [connectionId{localValue:6, serverValue:4}] to localhost:27017
13:00:07.711 [cluster-ClusterId{value='661e68479bcf03662b9fe602', description='null'}-localhost:27017] DEBUG org.mongodb.driver.connection - Marking the connection pool for ServerId{clusterId=ClusterId{value='661e68479bcf03662b9fe602', description='null'}, address=localhost:27017} as 'ready'
13:00:07.711 [MaintenanceTimer-3-thread-1] DEBUG org.mongodb.driver.connection - Pruning pooled connections to localhost:27017
13:00:07.712 [cluster-ClusterId{value='661e68479bcf03662b9fe602', description='null'}-localhost:27017] DEBUG org.mongodb.driver.cluster - Updating cluster description to  {type=STANDALONE, servers=[{address=localhost:27017, type=STANDALONE, roundTripTime=1.5 ms, state=CONNECTED}]
2024-04-16T13:00:07.727+0100 I NETWORK  [listener] connection accepted from 127.0.0.1:62962 #5 (5 connections now open)
[mongod output] 2024-04-16T13:00:07.727+0100 I NETWORK  [conn5] received client metadata from 127.0.0.1:62962 conn5: { driver: { name: "mongo-java-driver|legacy", version: "4.6.1" }, os: { type: "Darwin", name: "Mac OS X", architecture: "aarch64", version: "13.5.1" }, platform: "Java/Amazon.com Inc./11.0.22+7-LTS" }
[mongod output] 13:00:07.728 [main] INFO org.mongodb.driver.connection - Opened connection [connectionId{localValue:7, serverValue:5}] to localhost:27017
13:00:07.731 [main] DEBUG org.mongodb.driver.protocol.command - Sending command '{"aggregate": "testAccounts", "pipeline": [{"$match": {}}, {"$group": {"_id": 1, "n": {"$sum": 1}}}], "cursor": {}, "$db": "lotteryDBTest", "lsid": {"id": {"$binary": {"base64": "oGoxJp+BS16XKSiQpmjrjA==", "subType": "04"}}}}' with request id 12 to database lotteryDBTest on connection [connectionId{localValue:7, serverValue:5}] to server localhost:27017
13:00:07.732 [main] DEBUG org.mongodb.driver.protocol.command - Execution of command with request id 12 completed successfully in 1.32 ms on connection [connectionId{localValue:7, serverValue:5}] to server localhost:27017
13:00:07.734 [main] DEBUG org.mongodb.driver.operation - Received batch of 0 documents with cursorId 0 from server localhost:27017
]]></system-out>
  </testcase>
  <testcase name="testFundTransfers" classname="com.iluwatar.hexagonal.banking.MongoBankTest" time="0.072">
    <system-out><![CDATA[13:00:07.737 [main] DEBUG org.mongodb.driver.protocol.command - Sending command '{"dropDatabase": 1, "$db": "lotteryDBTest", "lsid": {"id": {"$binary": {"base64": "LqtWuiP1RiOekMnOsRyL9w==", "subType": "04"}}}}' with request id 13 to database lotteryDBTest on connection [connectionId{localValue:4, serverValue:2}] to server localhost:27017
13:00:07.738 [main] DEBUG org.mongodb.driver.protocol.command - Execution of command with request id 13 completed successfully in 0.94 ms on connection [connectionId{localValue:4, serverValue:2}] to server localhost:27017
13:00:07.739 [main] DEBUG org.mongodb.driver.cluster - Updating cluster description to  {type=UNKNOWN, servers=[{address=localhost:27017, type=UNKNOWN, state=CONNECTING}]
13:00:07.740 [main] INFO org.mongodb.driver.client - MongoClient with metadata {"driver": {"name": "mongo-java-driver|legacy", "version": "4.6.1"}, "os": {"type": "Darwin", "name": "Mac OS X", "architecture": "aarch64", "version": "13.5.1"}, "platform": "Java/Amazon.com Inc./11.0.22+7-LTS"} created with settings MongoClientSettings{readPreference=primary, writeConcern=WriteConcern{w=null, wTimeout=null ms, journal=null}, retryWrites=true, retryReads=true, readConcern=ReadConcern{level=null}, credential=null, streamFactoryFactory=null, commandListeners=[], codecRegistry=ProvidersCodecRegistry{codecProviders=[ValueCodecProvider{}, BsonValueCodecProvider{}, DBRefCodecProvider{}, DBObjectCodecProvider{}, DocumentCodecProvider{}, IterableCodecProvider{}, MapCodecProvider{}, GeoJsonCodecProvider{}, GridFSFileCodecProvider{}, Jsr310CodecProvider{}, JsonObjectCodecProvider{}, BsonCodecProvider{}, EnumCodecProvider{}, com.mongodb.Jep395RecordCodecProvider@2f7d8a7c]}, clusterSettings={hosts=[localhost:27017], srvServiceName=mongodb, mode=SINGLE, requiredClusterType=UNKNOWN, requiredReplicaSetName='null', serverSelector='null', clusterListeners='[]', serverSelectionTimeout='30000 ms', localThreshold='30000 ms'}, socketSettings=SocketSettings{connectTimeoutMS=10000, readTimeoutMS=0, receiveBufferSize=0, sendBufferSize=0}, heartbeatSocketSettings=SocketSettings{connectTimeoutMS=10000, readTimeoutMS=10000, receiveBufferSize=0, sendBufferSize=0}, connectionPoolSettings=ConnectionPoolSettings{maxSize=100, minSize=0, maxWaitTimeMS=120000, maxConnectionLifeTimeMS=0, maxConnectionIdleTimeMS=0, maintenanceInitialDelayMS=0, maintenanceFrequencyMS=60000, connectionPoolListeners=[], maxConnecting=2}, serverSettings=ServerSettings{heartbeatFrequencyMS=10000, minHeartbeatFrequencyMS=500, serverListeners='[]', serverMonitorListeners='[]'}, sslSettings=SslSettings{enabled=false, invalidHostNameAllowed=false, context=null}, applicationName='null', compressorList=[], uuidRepresentation=UNSPECIFIED, serverApi=null, autoEncryptionSettings=null, contextProvider=null}
2024-04-16T13:00:07.739+0100 I NETWORK  [listener] connection accepted from 127.0.0.1:62963 #6 (6 connections now open)
[mongod output] 2024-04-16T13:00:07.740+0100 I NETWORK  [listener] connection accepted from 127.0.0.1:62964 #7 (7 connections now open)
[mongod output] 2024-04-16T13:00:07.740+0100 I NETWORK  [conn6] received client metadata from 127.0.0.1:62963 conn6: { driver: { name: "mongo-java-driver|legacy", version: "4.6.1" }, os: { type: "Darwin", name: "Mac OS X", architecture: "aarch64", version: "13.5.1" }, platform: "Java/Amazon.com Inc./11.0.22+7-LTS" }
[mongod output] 13:00:07.740 [main] INFO org.mongodb.driver.client - MongoClient with metadata {"driver": {"name": "mongo-java-driver|legacy", "version": "4.6.1"}, "os": {"type": "Darwin", "name": "Mac OS X", "architecture": "aarch64", "version": "13.5.1"}, "platform": "Java/Amazon.com Inc./11.0.22+7-LTS"} created with settings MongoClientSettings{readPreference=primary, writeConcern=WriteConcern{w=null, wTimeout=null ms, journal=null}, retryWrites=true, retryReads=true, readConcern=ReadConcern{level=null}, credential=null, streamFactoryFactory=null, commandListeners=[], codecRegistry=ProvidersCodecRegistry{codecProviders=[ValueCodecProvider{}, BsonValueCodecProvider{}, DBRefCodecProvider{}, DBObjectCodecProvider{}, DocumentCodecProvider{}, IterableCodecProvider{}, MapCodecProvider{}, GeoJsonCodecProvider{}, GridFSFileCodecProvider{}, Jsr310CodecProvider{}, JsonObjectCodecProvider{}, BsonCodecProvider{}, EnumCodecProvider{}, com.mongodb.Jep395RecordCodecProvider@2f7d8a7c]}, clusterSettings={hosts=[localhost:27017], srvServiceName=mongodb, mode=SINGLE, requiredClusterType=UNKNOWN, requiredReplicaSetName='null', serverSelector='null', clusterListeners='[]', serverSelectionTimeout='30000 ms', localThreshold='30000 ms'}, socketSettings=SocketSettings{connectTimeoutMS=10000, readTimeoutMS=0, receiveBufferSize=0, sendBufferSize=0}, heartbeatSocketSettings=SocketSettings{connectTimeoutMS=10000, readTimeoutMS=10000, receiveBufferSize=0, sendBufferSize=0}, connectionPoolSettings=ConnectionPoolSettings{maxSize=100, minSize=0, maxWaitTimeMS=120000, maxConnectionLifeTimeMS=0, maxConnectionIdleTimeMS=0, maintenanceInitialDelayMS=0, maintenanceFrequencyMS=60000, connectionPoolListeners=[], maxConnecting=2}, serverSettings=ServerSettings{heartbeatFrequencyMS=10000, minHeartbeatFrequencyMS=500, serverListeners='[]', serverMonitorListeners='[]'}, sslSettings=SslSettings{enabled=false, invalidHostNameAllowed=false, context=null}, applicationName='null', compressorList=[], uuidRepresentation=UNSPECIFIED, serverApi=null, autoEncryptionSettings=null, contextProvider=null}
2024-04-16T13:00:07.740+0100 I NETWORK  [conn7] received client metadata from 127.0.0.1:62964 conn7: { driver: { name: "mongo-java-driver|legacy", version: "4.6.1" }, os: { type: "Darwin", name: "Mac OS X", architecture: "aarch64", version: "13.5.1" }, platform: "Java/Amazon.com Inc./11.0.22+7-LTS" }
[mongod output] 13:00:07.742 [cluster-rtt-ClusterId{value='661e68479bcf03662b9fe603', description='null'}-localhost:27017] INFO org.mongodb.driver.connection - Opened connection [connectionId{localValue:9, serverValue:6}] to localhost:27017
13:00:07.742 [cluster-ClusterId{value='661e68479bcf03662b9fe603', description='null'}-localhost:27017] INFO org.mongodb.driver.connection - Opened connection [connectionId{localValue:8, serverValue:7}] to localhost:27017
13:00:07.742 [cluster-ClusterId{value='661e68479bcf03662b9fe603', description='null'}-localhost:27017] INFO org.mongodb.driver.cluster - Monitor thread successfully connected to server with description ServerDescription{address=localhost:27017, type=STANDALONE, state=CONNECTED, ok=true, minWireVersion=0, maxWireVersion=7, maxDocumentSize=16777216, logicalSessionTimeoutMinutes=30, roundTripTimeNanos=1540167}
13:00:07.743 [cluster-ClusterId{value='661e68479bcf03662b9fe603', description='null'}-localhost:27017] DEBUG org.mongodb.driver.connection - Marking the connection pool for ServerId{clusterId=ClusterId{value='661e68479bcf03662b9fe603', description='null'}, address=localhost:27017} as 'ready'
13:00:07.743 [MaintenanceTimer-5-thread-1] DEBUG org.mongodb.driver.connection - Pruning pooled connections to localhost:27017
13:00:07.743 [cluster-ClusterId{value='661e68479bcf03662b9fe603', description='null'}-localhost:27017] DEBUG org.mongodb.driver.cluster - Updating cluster description to  {type=STANDALONE, servers=[{address=localhost:27017, type=STANDALONE, roundTripTime=1.5 ms, state=CONNECTED}]
2024-04-16T13:00:07.749+0100 I NETWORK  [listener] connection accepted from 127.0.0.1:62965 #8 (8 connections now open)
[mongod output] 2024-04-16T13:00:07.750+0100 I NETWORK  [conn8] received client metadata from 127.0.0.1:62965 conn8: { driver: { name: "mongo-java-driver|legacy", version: "4.6.1" }, os: { type: "Darwin", name: "Mac OS X", architecture: "aarch64", version: "13.5.1" }, platform: "Java/Amazon.com Inc./11.0.22+7-LTS" }
[mongod output] 13:00:07.751 [main] INFO org.mongodb.driver.connection - Opened connection [connectionId{localValue:10, serverValue:8}] to localhost:27017
13:00:07.753 [main] DEBUG org.mongodb.driver.protocol.command - Sending command '{"find": "testAccounts", "filter": {"_id": "000-000"}, "limit": 1, "$db": "lotteryDBTest", "lsid": {"id": {"$binary": {"base64": "PpBgyEBLQrqmst1sV3i8ug==", "subType": "04"}}}}' with request id 20 to database lotteryDBTest on connection [connectionId{localValue:10, serverValue:8}] to server localhost:27017
13:00:07.754 [main] DEBUG org.mongodb.driver.protocol.command - Execution of command with request id 20 completed successfully in 0.80 ms on connection [connectionId{localValue:10, serverValue:8}] to server localhost:27017
13:00:07.754 [main] DEBUG org.mongodb.driver.operation - Received batch of 0 documents with cursorId 0 from server localhost:27017
13:00:07.760 [main] DEBUG org.mongodb.driver.operation - retryWrites set to true but the server is a standalone server.
13:00:07.768 [main] DEBUG org.mongodb.driver.protocol.command - Sending command '{"update": "testAccounts", "ordered": true, "$db": "lotteryDBTest", "lsid": {"id": {"$binary": {"base64": "PpBgyEBLQrqmst1sV3i8ug==", "subType": "04"}}}, "updates": [{"q": {"_id": "000-000"}, "u": {"$set": {"_id": "000-000", "funds": 10}}, "upsert": true}]}' with request id 21 to database lotteryDBTest on connection [connectionId{localValue:10, serverValue:8}] to server localhost:27017
2024-04-16T13:00:07.768+0100 I STORAGE  [conn8] createCollection: lotteryDBTest.testAccounts with generated UUID: 64ed47b6-1938-4333-8339-b97e2d17a424
[mongod output] 13:00:07.794 [main] DEBUG org.mongodb.driver.protocol.command - Execution of command with request id 21 completed successfully in 28.40 ms on connection [connectionId{localValue:10, serverValue:8}] to server localhost:27017
13:00:07.797 [main] DEBUG org.mongodb.driver.protocol.command - Sending command '{"find": "testAccounts", "filter": {"_id": "000-000"}, "limit": 1, "$db": "lotteryDBTest", "lsid": {"id": {"$binary": {"base64": "PpBgyEBLQrqmst1sV3i8ug==", "subType": "04"}}}}' with request id 22 to database lotteryDBTest on connection [connectionId{localValue:10, serverValue:8}] to server localhost:27017
13:00:07.798 [main] DEBUG org.mongodb.driver.protocol.command - Execution of command with request id 22 completed successfully in 0.85 ms on connection [connectionId{localValue:10, serverValue:8}] to server localhost:27017
13:00:07.799 [main] DEBUG org.mongodb.driver.operation - Received batch of 1 documents with cursorId 0 from server localhost:27017
13:00:07.800 [main] DEBUG org.mongodb.driver.protocol.command - Sending command '{"find": "testAccounts", "filter": {"_id": "111-111"}, "limit": 1, "$db": "lotteryDBTest", "lsid": {"id": {"$binary": {"base64": "PpBgyEBLQrqmst1sV3i8ug==", "subType": "04"}}}}' with request id 23 to database lotteryDBTest on connection [connectionId{localValue:10, serverValue:8}] to server localhost:27017
13:00:07.800 [main] DEBUG org.mongodb.driver.protocol.command - Execution of command with request id 23 completed successfully in 0.67 ms on connection [connectionId{localValue:10, serverValue:8}] to server localhost:27017
13:00:07.800 [main] DEBUG org.mongodb.driver.operation - Received batch of 0 documents with cursorId 0 from server localhost:27017
13:00:07.801 [main] DEBUG org.mongodb.driver.protocol.command - Sending command '{"find": "testAccounts", "filter": {"_id": "000-000"}, "limit": 1, "$db": "lotteryDBTest", "lsid": {"id": {"$binary": {"base64": "PpBgyEBLQrqmst1sV3i8ug==", "subType": "04"}}}}' with request id 24 to database lotteryDBTest on connection [connectionId{localValue:10, serverValue:8}] to server localhost:27017
13:00:07.801 [main] DEBUG org.mongodb.driver.protocol.command - Execution of command with request id 24 completed successfully in 0.46 ms on connection [connectionId{localValue:10, serverValue:8}] to server localhost:27017
13:00:07.801 [main] DEBUG org.mongodb.driver.operation - Received batch of 1 documents with cursorId 0 from server localhost:27017
13:00:07.802 [main] DEBUG org.mongodb.driver.protocol.command - Sending command '{"find": "testAccounts", "filter": {"_id": "111-111"}, "limit": 1, "$db": "lotteryDBTest", "lsid": {"id": {"$binary": {"base64": "PpBgyEBLQrqmst1sV3i8ug==", "subType": "04"}}}}' with request id 25 to database lotteryDBTest on connection [connectionId{localValue:10, serverValue:8}] to server localhost:27017
13:00:07.802 [main] DEBUG org.mongodb.driver.protocol.command - Execution of command with request id 25 completed successfully in 0.46 ms on connection [connectionId{localValue:10, serverValue:8}] to server localhost:27017
13:00:07.803 [main] DEBUG org.mongodb.driver.operation - Received batch of 0 documents with cursorId 0 from server localhost:27017
13:00:07.803 [main] DEBUG org.mongodb.driver.operation - retryWrites set to true but the server is a standalone server.
13:00:07.803 [main] DEBUG org.mongodb.driver.protocol.command - Sending command '{"update": "testAccounts", "ordered": true, "$db": "lotteryDBTest", "lsid": {"id": {"$binary": {"base64": "PpBgyEBLQrqmst1sV3i8ug==", "subType": "04"}}}, "updates": [{"q": {"_id": "000-000"}, "u": {"$set": {"_id": "000-000", "funds": 1}}, "upsert": true}]}' with request id 26 to database lotteryDBTest on connection [connectionId{localValue:10, serverValue:8}] to server localhost:27017
13:00:07.804 [main] DEBUG org.mongodb.driver.protocol.command - Execution of command with request id 26 completed successfully in 0.93 ms on connection [connectionId{localValue:10, serverValue:8}] to server localhost:27017
13:00:07.804 [main] DEBUG org.mongodb.driver.operation - retryWrites set to true but the server is a standalone server.
13:00:07.805 [main] DEBUG org.mongodb.driver.protocol.command - Sending command '{"update": "testAccounts", "ordered": true, "$db": "lotteryDBTest", "lsid": {"id": {"$binary": {"base64": "PpBgyEBLQrqmst1sV3i8ug==", "subType": "04"}}}, "updates": [{"q": {"_id": "111-111"}, "u": {"$set": {"_id": "111-111", "funds": 9}}, "upsert": true}]}' with request id 27 to database lotteryDBTest on connection [connectionId{localValue:10, serverValue:8}] to server localhost:27017
13:00:07.805 [main] DEBUG org.mongodb.driver.protocol.command - Execution of command with request id 27 completed successfully in 0.60 ms on connection [connectionId{localValue:10, serverValue:8}] to server localhost:27017
13:00:07.806 [main] DEBUG org.mongodb.driver.protocol.command - Sending command '{"find": "testAccounts", "filter": {"_id": "000-000"}, "limit": 1, "$db": "lotteryDBTest", "lsid": {"id": {"$binary": {"base64": "PpBgyEBLQrqmst1sV3i8ug==", "subType": "04"}}}}' with request id 28 to database lotteryDBTest on connection [connectionId{localValue:10, serverValue:8}] to server localhost:27017
13:00:07.807 [main] DEBUG org.mongodb.driver.protocol.command - Execution of command with request id 28 completed successfully in 0.88 ms on connection [connectionId{localValue:10, serverValue:8}] to server localhost:27017
13:00:07.807 [main] DEBUG org.mongodb.driver.operation - Received batch of 1 documents with cursorId 0 from server localhost:27017
13:00:07.808 [main] DEBUG org.mongodb.driver.protocol.command - Sending command '{"find": "testAccounts", "filter": {"_id": "111-111"}, "limit": 1, "$db": "lotteryDBTest", "lsid": {"id": {"$binary": {"base64": "PpBgyEBLQrqmst1sV3i8ug==", "subType": "04"}}}}' with request id 29 to database lotteryDBTest on connection [connectionId{localValue:10, serverValue:8}] to server localhost:27017
13:00:07.808 [main] DEBUG org.mongodb.driver.protocol.command - Execution of command with request id 29 completed successfully in 0.73 ms on connection [connectionId{localValue:10, serverValue:8}] to server localhost:27017
13:00:07.808 [main] DEBUG org.mongodb.driver.operation - Received batch of 1 documents with cursorId 0 from server localhost:27017
]]></system-out>
  </testcase>
</testsuite>