<?xml version="1.0" encoding="UTF-8"?>
<testsuite xmlns:xsi="http://www.w3.org/2001/XMLSchema-instance" xsi:noNamespaceSchemaLocation="https://maven.apache.org/surefire/maven-surefire-plugin/xsd/surefire-test-report-3.0.xsd" version="3.0" name="com.iluwatar.presentationmodel.ViewTest" time="0.098" tests="4" errors="0" skipped="0" failures="0">
  <properties>
[...]
</properties>
  <testcase name="testSave_setArtistAndTitle" classname="com.iluwatar.presentationmodel.ViewTest" time="0.029">
    <system-out><![CDATA[13:03:07.954 [main] INFO com.iluwatar.presentationmodel.View - Save data to PresentationModel
13:03:07.959 [main] INFO com.iluwatar.presentationmodel.PresentationModel - Change album artist from Roy Harper to testArtist
13:03:07.960 [main] INFO com.iluwatar.presentationmodel.PresentationModel - Change album title from HQ to testTitle
13:03:07.960 [main] INFO com.iluwatar.presentationmodel.PresentationModel - Change album isClassical from false to false
13:03:07.960 [main] INFO com.iluwatar.presentationmodel.PresentationModel - Composer can not be changed
13:03:07.960 [main] INFO com.iluwatar.presentationmodel.View - Load data from PresentationModel
]]></system-out>
  </testcase>
  <testcase name="testSave_setClassicalAndComposer" classname="com.iluwatar.presentationmodel.ViewTest" time="0.015">
    <system-out><![CDATA[13:03:07.976 [main] INFO com.iluwatar.presentationmodel.View - Save data to PresentationModel
13:03:07.976 [main] INFO com.iluwatar.presentationmodel.PresentationModel - Change album artist from Roy Harper to 
13:03:07.976 [main] INFO com.iluwatar.presentationmodel.PresentationModel - Change album title from HQ to 
13:03:07.976 [main] INFO com.iluwatar.presentationmodel.PresentationModel - Change album isClassical from false to true
13:03:07.976 [main] INFO com.iluwatar.presentationmodel.PresentationModel - Change album composer from  to testComposer
13:03:07.976 [main] INFO com.iluwatar.presentationmodel.View - Load data from PresentationModel
]]></system-out>
  </testcase>
  <testcase name="testLoad_1" classname="com.iluwatar.presentationmodel.ViewTest" time="0.021">
    <system-out><![CDATA[13:03:07.996 [main] INFO com.iluwatar.presentationmodel.PresentationModel - Change select number from 1 to 2
13:03:07.997 [main] INFO com.iluwatar.presentationmodel.View - Load data from PresentationModel
]]></system-out>
  </testcase>
  <testcase name="testLoad_2" classname="com.iluwatar.presentationmodel.ViewTest" time="0.03">
    <system-out><![CDATA[13:03:08.026 [main] INFO com.iluwatar.presentationmodel.PresentationModel - Change select number from 1 to 4
13:03:08.027 [main] INFO com.iluwatar.presentationmodel.View - Load data from PresentationModel
]]></system-out>
  </testcase>
</testsuite>